[    3243ms] [INFO] %cDownload the React DevTools for a better development experience: https://react.dev/link/react-devtools font-weight:bold @ http://localhost:3000/_next/static/chunks/node_modules_next_dist_7a8122d0._.js:2287
[    3550ms] [LOG] [HMR] connected @ http://localhost:3000/_next/static/chunks/node_modules_next_dist_7a8122d0._.js:2287
[    4893ms] [WARNING] Please ensure that the container has a non-static position, like 'relative', 'fixed', or 'absolute' to ensure scroll offset is calculated correctly. @ http://localhost:3000/_next/static/chunks/node_modules_next_dist_7a8122d0._.js:2287
[    4968ms] [ERROR] Failed to load resource: the server responded with a status of 404 () @ https://api.lanyard.rest/v1/users/992018993730814002:0
[    5410ms] [WARNING] THREE.Clock: This module has been deprecated. Please use THREE.Timer instead. @ http://localhost:3000/_next/static/chunks/node_modules_next_dist_7a8122d0._.js:2287
[    5560ms] [LOG] %c[Vercel Web Analytics]%c Debug mode is enabled by default in development. No requests will be sent to the server. color: rgb(120, 120, 120) color: inherit @ http://localhost:3000/_next/static/chunks/node_modules_next_dist_7a8122d0._.js:2287
[    5561ms] [LOG] %c[Vercel Web Analytics]%c Running queued event color: rgb(120, 120, 120) color: inherit pageview {route: /, path: /} @ http://localhost:3000/_next/static/chunks/node_modules_next_dist_7a8122d0._.js:2287
[    5561ms] [LOG] %c[Vercel Web Analytics]%c [view] http://localhost:3000/ color: rgb(120, 120, 120) color: inherit {o: http://localhost:3000/, sv: 0.1.3, sdkn: @vercel/analytics/next, sdkv: 1.6.1, ts: 1784224909091} /_vercel/insights/view @ http://localhost:3000/_next/static/chunks/node_modules_next_dist_7a8122d0._.js:2287
[   19766ms] [ERROR] Failed to load resource: the server responded with a status of 404 () @ https://api.lanyard.rest/v1/users/992018993730814002:0
[   34754ms] [ERROR] Failed to load resource: the server responded with a status of 404 () @ https://api.lanyard.rest/v1/users/992018993730814002:0
[   42070ms] [WARNING] Image with src "/rocket3d.png" has "fill" but is missing "sizes" prop. Please add it to improve page performance. Read more: https://nextjs.org/docs/api-reference/next/image#sizes @ http://localhost:3000/_next/static/chunks/node_modules_next_dist_7a8122d0._.js:2287
[   42071ms] [WARNING] Image with src "/rocket3d.png" has "fill" and parent element with invalid "position". Provided "static" should be one of absolute,fixed,relative. @ http://localhost:3000/_next/static/chunks/node_modules_next_dist_7a8122d0._.js:2287
[   44675ms] [WARNING] THREE.Clock: This module has been deprecated. Please use THREE.Timer instead. @ http://localhost:3000/_next/static/chunks/node_modules_next_dist_7a8122d0._.js:2287
[   49740ms] [ERROR] Failed to load resource: the server responded with a status of 404 () @ https://api.lanyard.rest/v1/users/992018993730814002:0
[   64764ms] [ERROR] Failed to load resource: the server responded with a status of 404 () @ https://api.lanyard.rest/v1/users/992018993730814002:0
[   79744ms] [ERROR] Failed to load resource: the server responded with a status of 404 () @ https://api.lanyard.rest/v1/users/992018993730814002:0
[   94742ms] [ERROR] Failed to load resource: the server responded with a status of 404 () @ https://api.lanyard.rest/v1/users/992018993730814002:0
[  109756ms] [ERROR] Failed to load resource: the server responded with a status of 404 () @ https://api.lanyard.rest/v1/users/992018993730814002:0
[  122293ms] [LOG] [Fast Refresh] rebuilding @ http://localhost:3000/_next/static/chunks/node_modules_next_dist_7a8122d0._.js:2287
[  123506ms] ReferenceError: Link is not defined
    at Hero (http://localhost:3000/_next/static/chunks/_bdf2882d._.js?id=%255Bproject%255D%252Fcomponents%252Fhero.tsx+%255Bapp-client%255D+%2528ecmascript%2529:490:240)
    at Object.react_stack_bottom_frame (http://localhost:3000/_next/static/chunks/node_modules_next_dist_compiled_react-dom_1e674e59._.js:14816:24)
    at renderWithHooks (http://localhost:3000/_next/static/chunks/node_modules_next_dist_compiled_react-dom_1e674e59._.js:4645:24)
    at updateFunctionComponent (http://localhost:3000/_next/static/chunks/node_modules_next_dist_compiled_react-dom_1e674e59._.js:6106:21)
    at beginWork (http://localhost:3000/_next/static/chunks/node_modules_next_dist_compiled_react-dom_1e674e59._.js:6702:24)
    at runWithFiberInDEV (http://localhost:3000/_next/static/chunks/node_modules_next_dist_compiled_react-dom_1e674e59._.js:959:74)
    at performUnitOfWork (http://localhost:3000/_next/static/chunks/node_modules_next_dist_compiled_react-dom_1e674e59._.js:9556:97)
    at workLoopSync (http://localhost:3000/_next/static/chunks/node_modules_next_dist_compiled_react-dom_1e674e59._.js:9450:40)
    at renderRootSync (http://localhost:3000/_next/static/chunks/node_modules_next_dist_compiled_react-dom_1e674e59._.js:9434:13)
    at performWorkOnRoot (http://localhost:3000/_next/static/chunks/node_modules_next_dist_compiled_react-dom_1e674e59._.js:9099:47)
    at performSyncWorkOnRoot (http://localhost:3000/_next/static/chunks/node_modules_next_dist_compiled_react-dom_1e674e59._.js:10232:9)
    at flushSyncWorkAcrossRoots_impl (http://localhost:3000/_next/static/chunks/node_modules_next_dist_compiled_react-dom_1e674e59._.js:10148:316)
    at flushSyncWork$1 (http://localhost:3000/_next/static/chunks/node_modules_next_dist_compiled_react-dom_1e674e59._.js:9231:86)
    at Object.scheduleRefresh (http://localhost:3000/_next/static/chunks/node_modules_next_dist_compiled_react-dom_1e674e59._.js:294:13)
    at http://localhost:3000/_next/static/chunks/node_modules_next_dist_compiled_a0e4c7b4._.js:391:33
    at Set.forEach (<anonymous>)
    at Object.performReactRefresh (http://localhost:3000/_next/static/chunks/node_modules_next_dist_compiled_a0e4c7b4._.js:384:38)
    at applyUpdate (http://localhost:3000/_next/static/chunks/node_modules_next_dist_compiled_a0e4c7b4._.js:878:31)
    at http://localhost:3000/_next/static/chunks/node_modules_next_dist_compiled_a0e4c7b4._.js:886:13
[  123564ms] [LOG] [Fast Refresh] done in 1151ms @ http://localhost:3000/_next/static/chunks/node_modules_next_dist_7a8122d0._.js:2287
[  124305ms] [LOG] THREE.WebGLRenderer: Context Lost. @ http://localhost:3000/_next/static/chunks/node_modules_next_dist_7a8122d0._.js:2287
[  124337ms] [LOG] THREE.WebGLRenderer: Context Lost. @ http://localhost:3000/_next/static/chunks/node_modules_next_dist_7a8122d0._.js:2287
[  168968ms] [LOG] [Fast Refresh] rebuilding @ http://localhost:3000/_next/static/chunks/node_modules_next_dist_7a8122d0._.js:2287
[  169136ms] [WARNING] [Fast Refresh] performing full reload because your application had an unrecoverable error @ http://localhost:3000/_next/static/chunks/node_modules_next_dist_7a8122d0._.js:2287
[  170222ms] [LOG] %c[Vercel Web Analytics]%c [view] http://localhost:3000/ color: rgb(120, 120, 120) color: inherit {o: http://localhost:3000/, sv: 0.1.3, sdkn: @vercel/analytics/next, sdkv: 1.6.1, ts: 1784225073406} /_vercel/insights/view @ http://localhost:3000/_next/static/chunks/node_modules_next_dist_7a8122d0._.js:2287
[  170307ms] [ERROR] Failed to load resource: the server responded with a status of 404 () @ https://api.lanyard.rest/v1/users/992018993730814002:0
[  170308ms] [LOG] [Fast Refresh] done in 266ms @ http://localhost:3000/_next/static/chunks/node_modules_next_dist_7a8122d0._.js:2287
[  170417ms] [LOG] [Fast Refresh] rebuilding @ http://localhost:3000/_next/static/chunks/node_modules_next_dist_7a8122d0._.js:2287
[  170515ms] [WARNING] THREE.Clock: This module has been deprecated. Please use THREE.Timer instead. @ http://localhost:3000/_next/static/chunks/node_modules_next_dist_7a8122d0._.js:2287
[  170643ms] [LOG] [Fast Refresh] done in 334ms @ http://localhost:3000/_next/static/chunks/node_modules_next_dist_7a8122d0._.js:2287
[  172329ms] [INFO] %cDownload the React DevTools for a better development experience: https://react.dev/link/react-devtools font-weight:bold @ http://localhost:3000/_next/static/chunks/node_modules_next_dist_7a8122d0._.js:2287
[  172440ms] [LOG] [HMR] connected @ http://localhost:3000/_next/static/chunks/node_modules_next_dist_7a8122d0._.js:2287
[  173822ms] [WARNING] Please ensure that the container has a non-static position, like 'relative', 'fixed', or 'absolute' to ensure scroll offset is calculated correctly. @ http://localhost:3000/_next/static/chunks/node_modules_next_dist_7a8122d0._.js:2287
[  173871ms] [ERROR] Failed to load resource: the server responded with a status of 404 () @ https://api.lanyard.rest/v1/users/992018993730814002:0
[  174290ms] [WARNING] THREE.Clock: This module has been deprecated. Please use THREE.Timer instead. @ http://localhost:3000/_next/static/chunks/node_modules_next_dist_7a8122d0._.js:2287
[  174401ms] [LOG] %c[Vercel Web Analytics]%c Debug mode is enabled by default in development. No requests will be sent to the server. color: rgb(120, 120, 120) color: inherit @ http://localhost:3000/_next/static/chunks/node_modules_next_dist_7a8122d0._.js:2287
[  174402ms] [LOG] %c[Vercel Web Analytics]%c Running queued event color: rgb(120, 120, 120) color: inherit pageview {route: /, path: /} @ http://localhost:3000/_next/static/chunks/node_modules_next_dist_7a8122d0._.js:2287
[  174402ms] [LOG] %c[Vercel Web Analytics]%c [view] http://localhost:3000/ color: rgb(120, 120, 120) color: inherit {o: http://localhost:3000/, sv: 0.1.3, sdkn: @vercel/analytics/next, sdkv: 1.6.1, ts: 1784225077933} /_vercel/insights/view @ http://localhost:3000/_next/static/chunks/node_modules_next_dist_7a8122d0._.js:2287
[  185952ms] [LOG] [Fast Refresh] rebuilding @ http://localhost:3000/_next/static/chunks/node_modules_next_dist_7a8122d0._.js:2287
[  186608ms] [LOG] [Fast Refresh] done in 726ms @ http://localhost:3000/_next/static/chunks/node_modules_next_dist_7a8122d0._.js:2287
[  188876ms] [ERROR] Failed to load resource: the server responded with a status of 404 () @ https://api.lanyard.rest/v1/users/992018993730814002:0
[  203630ms] [ERROR] Failed to load resource: the server responded with a status of 404 () @ https://api.lanyard.rest/v1/users/992018993730814002:0
[  208638ms] [LOG] [Fast Refresh] rebuilding @ http://localhost:3000/_next/static/chunks/node_modules_next_dist_7a8122d0._.js:2287
[  210303ms] [LOG] [Fast Refresh] done in 1776ms @ http://localhost:3000/_next/static/chunks/node_modules_next_dist_7a8122d0._.js:2287
[  210741ms] [INFO] %cDownload the React DevTools for a better development experience: https://react.dev/link/react-devtools font-weight:bold @ http://localhost:3000/_next/static/chunks/node_modules_next_dist_7a8122d0._.js:2287
[  210883ms] [LOG] [HMR] connected @ http://localhost:3000/_next/static/chunks/node_modules_next_dist_7a8122d0._.js:2287
[  212039ms] [WARNING] Please ensure that the container has a non-static position, like 'relative', 'fixed', or 'absolute' to ensure scroll offset is calculated correctly. @ http://localhost:3000/_next/static/chunks/node_modules_next_dist_7a8122d0._.js:2287
[  212071ms] [ERROR] Failed to load resource: the server responded with a status of 404 () @ https://api.lanyard.rest/v1/users/992018993730814002:0
[  212415ms] [WARNING] THREE.Clock: This module has been deprecated. Please use THREE.Timer instead. @ http://localhost:3000/_next/static/chunks/node_modules_next_dist_7a8122d0._.js:2287
[  212800ms] [LOG] %c[Vercel Web Analytics]%c Debug mode is enabled by default in development. No requests will be sent to the server. color: rgb(120, 120, 120) color: inherit @ http://localhost:3000/_next/static/chunks/node_modules_next_dist_7a8122d0._.js:2287
[  212800ms] [LOG] %c[Vercel Web Analytics]%c Running queued event color: rgb(120, 120, 120) color: inherit pageview {route: /, path: /} @ http://localhost:3000/_next/static/chunks/node_modules_next_dist_7a8122d0._.js:2287
[  212802ms] [LOG] %c[Vercel Web Analytics]%c [view] http://localhost:3000/ color: rgb(120, 120, 120) color: inherit {o: http://localhost:3000/, sv: 0.1.3, sdkn: @vercel/analytics/next, sdkv: 1.6.1, ts: 1784225116331} /_vercel/insights/view @ http://localhost:3000/_next/static/chunks/node_modules_next_dist_7a8122d0._.js:2287
[  226911ms] [ERROR] Failed to load resource: the server responded with a status of 404 () @ https://api.lanyard.rest/v1/users/992018993730814002:0
[  241852ms] [ERROR] Failed to load resource: the server responded with a status of 404 () @ https://api.lanyard.rest/v1/users/992018993730814002:0
[  256837ms] [ERROR] Failed to load resource: the server responded with a status of 404 () @ https://api.lanyard.rest/v1/users/992018993730814002:0
[  271849ms] [ERROR] Failed to load resource: the server responded with a status of 404 () @ https://api.lanyard.rest/v1/users/992018993730814002:0
[  272477ms] [LOG] [Fast Refresh] rebuilding @ http://localhost:3000/_next/static/chunks/node_modules_next_dist_7a8122d0._.js:2287
[  273009ms] [LOG] [Fast Refresh] done in 632ms @ http://localhost:3000/_next/static/chunks/node_modules_next_dist_7a8122d0._.js:2287
[  273894ms] [LOG] [Fast Refresh] rebuilding @ http://localhost:3000/_next/static/chunks/node_modules_next_dist_7a8122d0._.js:2287
