[     136ms] [LOG] [Fast Refresh] rebuilding @ http://localhost:3000/_next/static/chunks/node_modules_next_dist_7a8122d0._.js:2287
[    1207ms] [LOG] [Fast Refresh] done in 1175ms @ http://localhost:3000/_next/static/chunks/node_modules_next_dist_7a8122d0._.js:2287
[    1653ms] [INFO] %cDownload the React DevTools for a better development experience: https://react.dev/link/react-devtools font-weight:bold @ http://localhost:3000/_next/static/chunks/node_modules_next_dist_7a8122d0._.js:2287
[    1782ms] [LOG] [HMR] connected @ http://localhost:3000/_next/static/chunks/node_modules_next_dist_7a8122d0._.js:2287
[    2134ms] [LOG] [Fast Refresh] rebuilding @ http://localhost:3000/_next/static/chunks/node_modules_next_dist_7a8122d0._.js:2287
[    2446ms] [LOG] %c[Vercel Web Analytics]%c Debug mode is enabled by default in development. No requests will be sent to the server. color: rgb(120, 120, 120) color: inherit @ http://localhost:3000/_next/static/chunks/node_modules_next_dist_7a8122d0._.js:2287
[    2447ms] [LOG] %c[Vercel Web Analytics]%c Running queued event color: rgb(120, 120, 120) color: inherit pageview {route: /about, path: /about} @ http://localhost:3000/_next/static/chunks/node_modules_next_dist_7a8122d0._.js:2287
[    2448ms] [LOG] %c[Vercel Web Analytics]%c [view] http://localhost:3000/about color: rgb(120, 120, 120) color: inherit {o: http://localhost:3000/about, sv: 0.1.3, sdkn: @vercel/analytics/next, sdkv: 1.6.1, ts: 1784272413806} /_vercel/insights/view @ http://localhost:3000/_next/static/chunks/node_modules_next_dist_7a8122d0._.js:2287
[    2455ms] [LOG] [Fast Refresh] done in 478ms @ http://localhost:3000/_next/static/chunks/node_modules_next_dist_7a8122d0._.js:2287
[    2604ms] [WARNING] THREE.Clock: This module has been deprecated. Please use THREE.Timer instead. @ http://localhost:3000/_next/static/chunks/node_modules_next_dist_7a8122d0._.js:2287
[   22098ms] [LOG] [Fast Refresh] rebuilding @ http://localhost:3000/_next/static/chunks/node_modules_next_dist_7a8122d0._.js:2287
[   22531ms] [LOG] [Fast Refresh] done in 490ms @ http://localhost:3000/_next/static/chunks/node_modules_next_dist_7a8122d0._.js:2287
[   23138ms] [LOG] THREE.WebGLRenderer: Context Lost. @ http://localhost:3000/_next/static/chunks/node_modules_next_dist_7a8122d0._.js:2287
[   75542ms] [LOG] [Fast Refresh] rebuilding @ http://localhost:3000/_next/static/chunks/node_modules_next_dist_7a8122d0._.js:2287
[   76003ms] [LOG] [Fast Refresh] done in 495ms @ http://localhost:3000/_next/static/chunks/node_modules_next_dist_7a8122d0._.js:2287
[  211011ms] [LOG] [Fast Refresh] rebuilding @ http://localhost:3000/_next/static/chunks/node_modules_next_dist_7a8122d0._.js:2287
[  211234ms] [LOG] [Fast Refresh] done in 326ms @ http://localhost:3000/_next/static/chunks/node_modules_next_dist_7a8122d0._.js:2287
[  223115ms] [LOG] [Fast Refresh] rebuilding @ http://localhost:3000/_next/static/chunks/node_modules_next_dist_7a8122d0._.js:2287
[  223433ms] [LOG] [Fast Refresh] done in 394ms @ http://localhost:3000/_next/static/chunks/node_modules_next_dist_7a8122d0._.js:2287
[  235669ms] [LOG] [Fast Refresh] rebuilding @ http://localhost:3000/_next/static/chunks/node_modules_next_dist_7a8122d0._.js:2287
[  235837ms] [LOG] [Fast Refresh] done in 240ms @ http://localhost:3000/_next/static/chunks/node_modules_next_dist_7a8122d0._.js:2287
[  250892ms] [LOG] [Fast Refresh] rebuilding @ http://localhost:3000/_next/static/chunks/node_modules_next_dist_7a8122d0._.js:2287
[  251233ms] [LOG] [Fast Refresh] done in 415ms @ http://localhost:3000/_next/static/chunks/node_modules_next_dist_7a8122d0._.js:2287
[  269905ms] [LOG] [Fast Refresh] rebuilding @ http://localhost:3000/_next/static/chunks/node_modules_next_dist_7a8122d0._.js:2287
[  269958ms] [LOG] [Fast Refresh] done in 155ms @ http://localhost:3000/_next/static/chunks/node_modules_next_dist_7a8122d0._.js:2287
[  270408ms] [INFO] %cDownload the React DevTools for a better development experience: https://react.dev/link/react-devtools font-weight:bold @ http://localhost:3000/_next/static/chunks/node_modules_next_dist_7a8122d0._.js:2287
[  270507ms] [LOG] [HMR] connected @ http://localhost:3000/_next/static/chunks/node_modules_next_dist_7a8122d0._.js:2287
[  271042ms] [LOG] %c[Vercel Web Analytics]%c Debug mode is enabled by default in development. No requests will be sent to the server. color: rgb(120, 120, 120) color: inherit @ http://localhost:3000/_next/static/chunks/node_modules_next_dist_7a8122d0._.js:2287
[  271045ms] [LOG] %c[Vercel Web Analytics]%c Running queued event color: rgb(120, 120, 120) color: inherit pageview {route: /about, path: /about} @ http://localhost:3000/_next/static/chunks/node_modules_next_dist_7a8122d0._.js:2287
[  271045ms] [LOG] %c[Vercel Web Analytics]%c [view] http://localhost:3000/about color: rgb(120, 120, 120) color: inherit {o: http://localhost:3000/about, sv: 0.1.3, sdkn: @vercel/analytics/next, sdkv: 1.6.1, ts: 1784272682404} /_vercel/insights/view @ http://localhost:3000/_next/static/chunks/node_modules_next_dist_7a8122d0._.js:2287
[  271229ms] [WARNING] THREE.Clock: This module has been deprecated. Please use THREE.Timer instead. @ http://localhost:3000/_next/static/chunks/node_modules_next_dist_7a8122d0._.js:2287
[  327842ms] [LOG] [Fast Refresh] rebuilding @ http://localhost:3000/_next/static/chunks/node_modules_next_dist_7a8122d0._.js:2287
[  328164ms] [LOG] [Fast Refresh] done in 389ms @ http://localhost:3000/_next/static/chunks/node_modules_next_dist_7a8122d0._.js:2287
[  328734ms] [LOG] THREE.WebGLRenderer: Context Lost. @ http://localhost:3000/_next/static/chunks/node_modules_next_dist_7a8122d0._.js:2287
[  337681ms] [LOG] [Fast Refresh] rebuilding @ http://localhost:3000/_next/static/chunks/node_modules_next_dist_7a8122d0._.js:2287
[  338065ms] [LOG] [Fast Refresh] done in 486ms @ http://localhost:3000/_next/static/chunks/node_modules_next_dist_7a8122d0._.js:2287
[  339325ms] [LOG] [Fast Refresh] rebuilding @ http://localhost:3000/_next/static/chunks/node_modules_next_dist_7a8122d0._.js:2287
[  339576ms] [LOG] [Fast Refresh] done in 353ms @ http://localhost:3000/_next/static/chunks/node_modules_next_dist_7a8122d0._.js:2287
[  340479ms] [LOG] [Fast Refresh] rebuilding @ http://localhost:3000/_next/static/chunks/node_modules_next_dist_7a8122d0._.js:2287
[  340638ms] [LOG] [Fast Refresh] done in 263ms @ http://localhost:3000/_next/static/chunks/node_modules_next_dist_7a8122d0._.js:2287
[  364486ms] [LOG] [Fast Refresh] rebuilding @ http://localhost:3000/_next/static/chunks/node_modules_next_dist_7a8122d0._.js:2287
[  364803ms] [LOG] [Fast Refresh] done in 421ms @ http://localhost:3000/_next/static/chunks/node_modules_next_dist_7a8122d0._.js:2287
[  386804ms] [LOG] [Fast Refresh] rebuilding @ http://localhost:3000/_next/static/chunks/node_modules_next_dist_7a8122d0._.js:2287
[  386965ms] [LOG] [Fast Refresh] done in 262ms @ http://localhost:3000/_next/static/chunks/node_modules_next_dist_7a8122d0._.js:2287
[  388402ms] [LOG] [Fast Refresh] rebuilding @ http://localhost:3000/_next/static/chunks/node_modules_next_dist_7a8122d0._.js:2287
[  388638ms] [LOG] [Fast Refresh] done in 337ms @ http://localhost:3000/_next/static/chunks/node_modules_next_dist_7a8122d0._.js:2287
[ 1135258ms] [LOG] [Fast Refresh] rebuilding @ http://localhost:3000/_next/static/chunks/node_modules_next_dist_7a8122d0._.js:2287
[ 1135761ms] [LOG] [Fast Refresh] done in 605ms @ http://localhost:3000/_next/static/chunks/node_modules_next_dist_7a8122d0._.js:2287
[ 1136303ms] [INFO] %cDownload the React DevTools for a better development experience: https://react.dev/link/react-devtools font-weight:bold @ http://localhost:3000/_next/static/chunks/node_modules_next_dist_7a8122d0._.js:2287
[ 1136448ms] [LOG] [HMR] connected @ http://localhost:3000/_next/static/chunks/node_modules_next_dist_7a8122d0._.js:2287
[ 1137261ms] [LOG] %c[Vercel Web Analytics]%c Debug mode is enabled by default in development. No requests will be sent to the server. color: rgb(120, 120, 120) color: inherit @ http://localhost:3000/_next/static/chunks/node_modules_next_dist_7a8122d0._.js:2287
[ 1137261ms] [LOG] %c[Vercel Web Analytics]%c Running queued event color: rgb(120, 120, 120) color: inherit pageview {route: /about, path: /about} @ http://localhost:3000/_next/static/chunks/node_modules_next_dist_7a8122d0._.js:2287
[ 1137262ms] [LOG] %c[Vercel Web Analytics]%c [view] http://localhost:3000/about color: rgb(120, 120, 120) color: inherit {o: http://localhost:3000/about, sv: 0.1.3, sdkn: @vercel/analytics/next, sdkv: 1.6.1, ts: 1784273548620} /_vercel/insights/view @ http://localhost:3000/_next/static/chunks/node_modules_next_dist_7a8122d0._.js:2287
[ 1137302ms] [WARNING] THREE.Clock: This module has been deprecated. Please use THREE.Timer instead. @ http://localhost:3000/_next/static/chunks/node_modules_next_dist_7a8122d0._.js:2287
[ 1208764ms] [LOG] [Fast Refresh] rebuilding @ http://localhost:3000/_next/static/chunks/node_modules_next_dist_7a8122d0._.js:2287
[ 1209253ms] [LOG] [Fast Refresh] done in 555ms @ http://localhost:3000/_next/static/chunks/node_modules_next_dist_7a8122d0._.js:2287
[ 1209379ms] [LOG] [Fast Refresh] rebuilding @ http://localhost:3000/_next/static/chunks/node_modules_next_dist_7a8122d0._.js:2287
[ 1210684ms] [LOG] [Fast Refresh] done in 1414ms @ http://localhost:3000/_next/static/chunks/node_modules_next_dist_7a8122d0._.js:2287
[ 1224436ms] [LOG] [Fast Refresh] rebuilding @ http://localhost:3000/_next/static/chunks/node_modules_next_dist_7a8122d0._.js:2287
[ 1227176ms] [LOG] [Fast Refresh] done in 2842ms @ http://localhost:3000/_next/static/chunks/node_modules_next_dist_7a8122d0._.js:2287
[ 1227298ms] [LOG] [Fast Refresh] rebuilding @ http://localhost:3000/_next/static/chunks/node_modules_next_dist_7a8122d0._.js:2287
[ 1227485ms] [LOG] [Fast Refresh] done in 303ms @ http://localhost:3000/_next/static/chunks/node_modules_next_dist_7a8122d0._.js:2287
[ 1227784ms] [LOG] [Fast Refresh] rebuilding @ http://localhost:3000/_next/static/chunks/node_modules_next_dist_7a8122d0._.js:2287
[ 1227909ms] [LOG] [Fast Refresh] done in 234ms @ http://localhost:3000/_next/static/chunks/node_modules_next_dist_7a8122d0._.js:2287
[ 1229783ms] [LOG] %c[Vercel Web Analytics]%c [view] http://localhost:3000/ color: rgb(120, 120, 120) color: inherit {o: http://localhost:3000/, sv: 0.1.3, sdkn: @vercel/analytics/next, sdkv: 1.6.1, ts: 1784273640383} /_vercel/insights/view @ http://localhost:3000/_next/static/chunks/node_modules_next_dist_7a8122d0._.js:2287
[ 1229847ms] [WARNING] Please ensure that the container has a non-static position, like 'relative', 'fixed', or 'absolute' to ensure scroll offset is calculated correctly. @ http://localhost:3000/_next/static/chunks/node_modules_next_dist_7a8122d0._.js:2287
[ 1229923ms] [ERROR] Failed to load resource: the server responded with a status of 404 () @ https://api.lanyard.rest/v1/users/992018993730814002:0
[ 1229926ms] [ERROR] Failed to load resource: the server responded with a status of 404 () @ https://api.lanyard.rest/v1/users/992018993730814002:0
[ 1230321ms] [WARNING] THREE.Clock: This module has been deprecated. Please use THREE.Timer instead. @ http://localhost:3000/_next/static/chunks/node_modules_next_dist_7a8122d0._.js:2287
[ 1230672ms] [LOG] THREE.WebGLRenderer: Context Lost. @ http://localhost:3000/_next/static/chunks/node_modules_next_dist_7a8122d0._.js:2287
[ 1244410ms] [ERROR] Failed to load resource: the server responded with a status of 404 () @ https://api.lanyard.rest/v1/users/992018993730814002:0
[ 1259412ms] [ERROR] Failed to load resource: the server responded with a status of 404 () @ https://api.lanyard.rest/v1/users/992018993730814002:0
[ 1274390ms] [ERROR] Failed to load resource: the server responded with a status of 404 () @ https://api.lanyard.rest/v1/users/992018993730814002:0
[ 1282797ms] [LOG] [Fast Refresh] rebuilding @ http://localhost:3000/_next/static/chunks/node_modules_next_dist_7a8122d0._.js:2287
[ 1282860ms] [LOG] [Fast Refresh] done in 151ms @ http://localhost:3000/_next/static/chunks/node_modules_next_dist_7a8122d0._.js:2287
[ 1289380ms] [ERROR] Failed to load resource: the server responded with a status of 404 () @ https://api.lanyard.rest/v1/users/992018993730814002:0
[ 1304404ms] [ERROR] Failed to load resource: the server responded with a status of 404 () @ https://api.lanyard.rest/v1/users/992018993730814002:0
[ 1319397ms] [ERROR] Failed to load resource: the server responded with a status of 404 () @ https://api.lanyard.rest/v1/users/992018993730814002:0
[ 1334386ms] [ERROR] Failed to load resource: the server responded with a status of 404 () @ https://api.lanyard.rest/v1/users/992018993730814002:0
[ 1349407ms] [ERROR] Failed to load resource: the server responded with a status of 404 () @ https://api.lanyard.rest/v1/users/992018993730814002:0
[ 1364383ms] [ERROR] Failed to load resource: the server responded with a status of 404 () @ https://api.lanyard.rest/v1/users/992018993730814002:0
[ 1379411ms] [ERROR] Failed to load resource: the server responded with a status of 404 () @ https://api.lanyard.rest/v1/users/992018993730814002:0
[ 1394407ms] [ERROR] Failed to load resource: the server responded with a status of 404 () @ https://api.lanyard.rest/v1/users/992018993730814002:0
[ 1409387ms] [ERROR] Failed to load resource: the server responded with a status of 404 () @ https://api.lanyard.rest/v1/users/992018993730814002:0
[ 1424384ms] [ERROR] Failed to load resource: the server responded with a status of 404 () @ https://api.lanyard.rest/v1/users/992018993730814002:0
[ 1439398ms] [ERROR] Failed to load resource: the server responded with a status of 404 () @ https://api.lanyard.rest/v1/users/992018993730814002:0
[ 1454376ms] [ERROR] Failed to load resource: the server responded with a status of 404 () @ https://api.lanyard.rest/v1/users/992018993730814002:0
[ 1469384ms] [ERROR] Failed to load resource: the server responded with a status of 404 () @ https://api.lanyard.rest/v1/users/992018993730814002:0
[ 1484378ms] [ERROR] Failed to load resource: the server responded with a status of 404 () @ https://api.lanyard.rest/v1/users/992018993730814002:0
[ 1499426ms] [ERROR] Failed to load resource: the server responded with a status of 404 () @ https://api.lanyard.rest/v1/users/992018993730814002:0
[ 1514387ms] [ERROR] Failed to load resource: the server responded with a status of 404 () @ https://api.lanyard.rest/v1/users/992018993730814002:0
[ 1529443ms] [ERROR] Failed to load resource: the server responded with a status of 404 () @ https://api.lanyard.rest/v1/users/992018993730814002:0
[ 1544391ms] [ERROR] Failed to load resource: the server responded with a status of 404 () @ https://api.lanyard.rest/v1/users/992018993730814002:0
[ 1559402ms] [ERROR] Failed to load resource: the server responded with a status of 404 () @ https://api.lanyard.rest/v1/users/992018993730814002:0
[ 1574402ms] [ERROR] Failed to load resource: the server responded with a status of 404 () @ https://api.lanyard.rest/v1/users/992018993730814002:0
[ 1589385ms] [ERROR] Failed to load resource: the server responded with a status of 404 () @ https://api.lanyard.rest/v1/users/992018993730814002:0
[ 1604449ms] [ERROR] Failed to load resource: the server responded with a status of 404 () @ https://api.lanyard.rest/v1/users/992018993730814002:0
[ 1619430ms] [ERROR] Failed to load resource: the server responded with a status of 404 () @ https://api.lanyard.rest/v1/users/992018993730814002:0
[ 1634636ms] [ERROR] Failed to load resource: the server responded with a status of 404 () @ https://api.lanyard.rest/v1/users/992018993730814002:0
[ 1649368ms] [ERROR] Failed to load resource: the server responded with a status of 404 () @ https://api.lanyard.rest/v1/users/992018993730814002:0
[ 1664369ms] [ERROR] Failed to load resource: the server responded with a status of 404 () @ https://api.lanyard.rest/v1/users/992018993730814002:0
[ 1679368ms] [ERROR] Failed to load resource: the server responded with a status of 404 () @ https://api.lanyard.rest/v1/users/992018993730814002:0
[ 1694389ms] [ERROR] Failed to load resource: the server responded with a status of 404 () @ https://api.lanyard.rest/v1/users/992018993730814002:0
[ 1709390ms] [ERROR] Failed to load resource: the server responded with a status of 404 () @ https://api.lanyard.rest/v1/users/992018993730814002:0
[ 1724376ms] [ERROR] Failed to load resource: the server responded with a status of 404 () @ https://api.lanyard.rest/v1/users/992018993730814002:0
[ 1739376ms] [ERROR] Failed to load resource: the server responded with a status of 404 () @ https://api.lanyard.rest/v1/users/992018993730814002:0
[ 1754394ms] [ERROR] Failed to load resource: the server responded with a status of 404 () @ https://api.lanyard.rest/v1/users/992018993730814002:0
[ 1769374ms] [ERROR] Failed to load resource: the server responded with a status of 404 () @ https://api.lanyard.rest/v1/users/992018993730814002:0
[ 1784385ms] [ERROR] Failed to load resource: the server responded with a status of 404 () @ https://api.lanyard.rest/v1/users/992018993730814002:0
[ 1799366ms] [ERROR] Failed to load resource: the server responded with a status of 404 () @ https://api.lanyard.rest/v1/users/992018993730814002:0
[ 1814377ms] [ERROR] Failed to load resource: the server responded with a status of 404 () @ https://api.lanyard.rest/v1/users/992018993730814002:0
[ 1829427ms] [ERROR] Failed to load resource: the server responded with a status of 404 () @ https://api.lanyard.rest/v1/users/992018993730814002:0
[ 1844387ms] [ERROR] Failed to load resource: the server responded with a status of 404 () @ https://api.lanyard.rest/v1/users/992018993730814002:0
[ 1859388ms] [ERROR] Failed to load resource: the server responded with a status of 404 () @ https://api.lanyard.rest/v1/users/992018993730814002:0
[ 1874372ms] [ERROR] Failed to load resource: the server responded with a status of 404 () @ https://api.lanyard.rest/v1/users/992018993730814002:0
[ 1889393ms] [ERROR] Failed to load resource: the server responded with a status of 404 () @ https://api.lanyard.rest/v1/users/992018993730814002:0
[ 1904394ms] [ERROR] Failed to load resource: the server responded with a status of 404 () @ https://api.lanyard.rest/v1/users/992018993730814002:0
[ 1919390ms] [ERROR] Failed to load resource: the server responded with a status of 404 () @ https://api.lanyard.rest/v1/users/992018993730814002:0
[ 1934403ms] [ERROR] Failed to load resource: the server responded with a status of 404 () @ https://api.lanyard.rest/v1/users/992018993730814002:0
[ 1949389ms] [ERROR] Failed to load resource: the server responded with a status of 404 () @ https://api.lanyard.rest/v1/users/992018993730814002:0
[ 1964394ms] [ERROR] Failed to load resource: the server responded with a status of 404 () @ https://api.lanyard.rest/v1/users/992018993730814002:0
[ 1979455ms] [ERROR] Failed to load resource: the server responded with a status of 404 () @ https://api.lanyard.rest/v1/users/992018993730814002:0
[ 1994392ms] [ERROR] Failed to load resource: the server responded with a status of 404 () @ https://api.lanyard.rest/v1/users/992018993730814002:0
[ 2009383ms] [ERROR] Failed to load resource: the server responded with a status of 404 () @ https://api.lanyard.rest/v1/users/992018993730814002:0
[ 2024394ms] [ERROR] Failed to load resource: the server responded with a status of 404 () @ https://api.lanyard.rest/v1/users/992018993730814002:0
[ 2039392ms] [ERROR] Failed to load resource: the server responded with a status of 404 () @ https://api.lanyard.rest/v1/users/992018993730814002:0
[ 2054391ms] [ERROR] Failed to load resource: the server responded with a status of 404 () @ https://api.lanyard.rest/v1/users/992018993730814002:0
[ 2069387ms] [ERROR] Failed to load resource: the server responded with a status of 404 () @ https://api.lanyard.rest/v1/users/992018993730814002:0
[ 2084451ms] [ERROR] Failed to load resource: the server responded with a status of 404 () @ https://api.lanyard.rest/v1/users/992018993730814002:0
[ 2099386ms] [ERROR] Failed to load resource: the server responded with a status of 404 () @ https://api.lanyard.rest/v1/users/992018993730814002:0
[ 2114389ms] [ERROR] Failed to load resource: the server responded with a status of 404 () @ https://api.lanyard.rest/v1/users/992018993730814002:0
[ 2129385ms] [ERROR] Failed to load resource: the server responded with a status of 404 () @ https://api.lanyard.rest/v1/users/992018993730814002:0
[ 2144402ms] [ERROR] Failed to load resource: the server responded with a status of 404 () @ https://api.lanyard.rest/v1/users/992018993730814002:0
[ 2159417ms] [ERROR] Failed to load resource: the server responded with a status of 404 () @ https://api.lanyard.rest/v1/users/992018993730814002:0
[ 2174387ms] [ERROR] Failed to load resource: the server responded with a status of 404 () @ https://api.lanyard.rest/v1/users/992018993730814002:0
[ 2189378ms] [ERROR] Failed to load resource: the server responded with a status of 404 () @ https://api.lanyard.rest/v1/users/992018993730814002:0
[ 2204445ms] [ERROR] Failed to load resource: the server responded with a status of 404 () @ https://api.lanyard.rest/v1/users/992018993730814002:0
[ 2219382ms] [ERROR] Failed to load resource: the server responded with a status of 404 () @ https://api.lanyard.rest/v1/users/992018993730814002:0
[ 2234374ms] [ERROR] Failed to load resource: the server responded with a status of 404 () @ https://api.lanyard.rest/v1/users/992018993730814002:0
[ 2249394ms] [ERROR] Failed to load resource: the server responded with a status of 404 () @ https://api.lanyard.rest/v1/users/992018993730814002:0
[ 2264384ms] [ERROR] Failed to load resource: the server responded with a status of 404 () @ https://api.lanyard.rest/v1/users/992018993730814002:0
[ 2279381ms] [ERROR] Failed to load resource: the server responded with a status of 404 () @ https://api.lanyard.rest/v1/users/992018993730814002:0
[ 2295697ms] [ERROR] Failed to load resource: net::ERR_INTERNET_DISCONNECTED @ https://api.lanyard.rest/v1/users/992018993730814002:0
[ 2302077ms] [ERROR] Failed to load resource: net::ERR_INTERNET_DISCONNECTED @ https://ws.audioscrobbler.com/2.0/?method=user.getrecenttracks&user=rithv1k&api_key=a073a0bf6d9a7fefde017300100fb281&format=json&limit=1:0
[ 2309098ms] [ERROR] Failed to load resource: net::ERR_INTERNET_DISCONNECTED @ https://api.lanyard.rest/v1/users/992018993730814002:0
[ 2309100ms] [ERROR] Failed to load resource: net::ERR_INTERNET_DISCONNECTED @ https://ws.audioscrobbler.com/2.0/?method=user.getrecenttracks&user=rithv1k&api_key=a073a0bf6d9a7fefde017300100fb281&format=json&limit=1:0
[ 2324094ms] [ERROR] Failed to load resource: net::ERR_INTERNET_DISCONNECTED @ https://api.lanyard.rest/v1/users/992018993730814002:0
[ 2324096ms] [ERROR] Failed to load resource: net::ERR_INTERNET_DISCONNECTED @ https://ws.audioscrobbler.com/2.0/?method=user.getrecenttracks&user=rithv1k&api_key=a073a0bf6d9a7fefde017300100fb281&format=json&limit=1:0
[ 2339089ms] [ERROR] Failed to load resource: net::ERR_INTERNET_DISCONNECTED @ https://api.lanyard.rest/v1/users/992018993730814002:0
[ 2339090ms] [ERROR] Failed to load resource: net::ERR_INTERNET_DISCONNECTED @ https://ws.audioscrobbler.com/2.0/?method=user.getrecenttracks&user=rithv1k&api_key=a073a0bf6d9a7fefde017300100fb281&format=json&limit=1:0
[ 2354097ms] [ERROR] Failed to load resource: net::ERR_INTERNET_DISCONNECTED @ https://api.lanyard.rest/v1/users/992018993730814002:0
[ 2354101ms] [ERROR] Failed to load resource: net::ERR_INTERNET_DISCONNECTED @ https://ws.audioscrobbler.com/2.0/?method=user.getrecenttracks&user=rithv1k&api_key=a073a0bf6d9a7fefde017300100fb281&format=json&limit=1:0
[ 2369093ms] [ERROR] Failed to load resource: net::ERR_INTERNET_DISCONNECTED @ https://ws.audioscrobbler.com/2.0/?method=user.getrecenttracks&user=rithv1k&api_key=a073a0bf6d9a7fefde017300100fb281&format=json&limit=1:0
[ 2369094ms] [ERROR] Failed to load resource: net::ERR_INTERNET_DISCONNECTED @ https://api.lanyard.rest/v1/users/992018993730814002:0
[ 2384087ms] [ERROR] Failed to load resource: net::ERR_INTERNET_DISCONNECTED @ https://api.lanyard.rest/v1/users/992018993730814002:0
[ 2384087ms] [ERROR] Failed to load resource: net::ERR_INTERNET_DISCONNECTED @ https://ws.audioscrobbler.com/2.0/?method=user.getrecenttracks&user=rithv1k&api_key=a073a0bf6d9a7fefde017300100fb281&format=json&limit=1:0
[ 2399094ms] [ERROR] Failed to load resource: net::ERR_INTERNET_DISCONNECTED @ https://api.lanyard.rest/v1/users/992018993730814002:0
[ 2399095ms] [ERROR] Failed to load resource: net::ERR_INTERNET_DISCONNECTED @ https://ws.audioscrobbler.com/2.0/?method=user.getrecenttracks&user=rithv1k&api_key=a073a0bf6d9a7fefde017300100fb281&format=json&limit=1:0
[ 2414086ms] [ERROR] Failed to load resource: net::ERR_INTERNET_DISCONNECTED @ https://api.lanyard.rest/v1/users/992018993730814002:0
[ 2414087ms] [ERROR] Failed to load resource: net::ERR_INTERNET_DISCONNECTED @ https://ws.audioscrobbler.com/2.0/?method=user.getrecenttracks&user=rithv1k&api_key=a073a0bf6d9a7fefde017300100fb281&format=json&limit=1:0
[ 2429097ms] [ERROR] Failed to load resource: net::ERR_INTERNET_DISCONNECTED @ https://ws.audioscrobbler.com/2.0/?method=user.getrecenttracks&user=rithv1k&api_key=a073a0bf6d9a7fefde017300100fb281&format=json&limit=1:0
[ 2429098ms] [ERROR] Failed to load resource: net::ERR_INTERNET_DISCONNECTED @ https://api.lanyard.rest/v1/users/992018993730814002:0
[ 2444083ms] [ERROR] Failed to load resource: net::ERR_INTERNET_DISCONNECTED @ https://api.lanyard.rest/v1/users/992018993730814002:0
[ 2444083ms] [ERROR] Failed to load resource: net::ERR_INTERNET_DISCONNECTED @ https://ws.audioscrobbler.com/2.0/?method=user.getrecenttracks&user=rithv1k&api_key=a073a0bf6d9a7fefde017300100fb281&format=json&limit=1:0
[ 2459096ms] [ERROR] Failed to load resource: net::ERR_INTERNET_DISCONNECTED @ https://api.lanyard.rest/v1/users/992018993730814002:0
[ 2459097ms] [ERROR] Failed to load resource: net::ERR_INTERNET_DISCONNECTED @ https://ws.audioscrobbler.com/2.0/?method=user.getrecenttracks&user=rithv1k&api_key=a073a0bf6d9a7fefde017300100fb281&format=json&limit=1:0
[ 2474093ms] [ERROR] Failed to load resource: net::ERR_INTERNET_DISCONNECTED @ https://api.lanyard.rest/v1/users/992018993730814002:0
[ 2474094ms] [ERROR] Failed to load resource: net::ERR_INTERNET_DISCONNECTED @ https://ws.audioscrobbler.com/2.0/?method=user.getrecenttracks&user=rithv1k&api_key=a073a0bf6d9a7fefde017300100fb281&format=json&limit=1:0
[ 2489093ms] [ERROR] Failed to load resource: net::ERR_INTERNET_DISCONNECTED @ https://api.lanyard.rest/v1/users/992018993730814002:0
[ 2489094ms] [ERROR] Failed to load resource: net::ERR_INTERNET_DISCONNECTED @ https://ws.audioscrobbler.com/2.0/?method=user.getrecenttracks&user=rithv1k&api_key=a073a0bf6d9a7fefde017300100fb281&format=json&limit=1:0
[ 2504081ms] [ERROR] Failed to load resource: net::ERR_INTERNET_DISCONNECTED @ https://ws.audioscrobbler.com/2.0/?method=user.getrecenttracks&user=rithv1k&api_key=a073a0bf6d9a7fefde017300100fb281&format=json&limit=1:0
[ 2504082ms] [ERROR] Failed to load resource: net::ERR_INTERNET_DISCONNECTED @ https://api.lanyard.rest/v1/users/992018993730814002:0
[ 2519083ms] [ERROR] Failed to load resource: net::ERR_INTERNET_DISCONNECTED @ https://api.lanyard.rest/v1/users/992018993730814002:0
[ 2519084ms] [ERROR] Failed to load resource: net::ERR_INTERNET_DISCONNECTED @ https://ws.audioscrobbler.com/2.0/?method=user.getrecenttracks&user=rithv1k&api_key=a073a0bf6d9a7fefde017300100fb281&format=json&limit=1:0
[ 2534080ms] [ERROR] Failed to load resource: net::ERR_INTERNET_DISCONNECTED @ https://api.lanyard.rest/v1/users/992018993730814002:0
[ 2534080ms] [ERROR] Failed to load resource: net::ERR_INTERNET_DISCONNECTED @ https://ws.audioscrobbler.com/2.0/?method=user.getrecenttracks&user=rithv1k&api_key=a073a0bf6d9a7fefde017300100fb281&format=json&limit=1:0
[ 2549092ms] [ERROR] Failed to load resource: net::ERR_INTERNET_DISCONNECTED @ https://api.lanyard.rest/v1/users/992018993730814002:0
[ 2549093ms] [ERROR] Failed to load resource: net::ERR_INTERNET_DISCONNECTED @ https://ws.audioscrobbler.com/2.0/?method=user.getrecenttracks&user=rithv1k&api_key=a073a0bf6d9a7fefde017300100fb281&format=json&limit=1:0
[ 2564079ms] [ERROR] Failed to load resource: net::ERR_INTERNET_DISCONNECTED @ https://ws.audioscrobbler.com/2.0/?method=user.getrecenttracks&user=rithv1k&api_key=a073a0bf6d9a7fefde017300100fb281&format=json&limit=1:0
[ 2564079ms] [ERROR] Failed to load resource: net::ERR_INTERNET_DISCONNECTED @ https://api.lanyard.rest/v1/users/992018993730814002:0
[ 2579090ms] [ERROR] Failed to load resource: net::ERR_INTERNET_DISCONNECTED @ https://api.lanyard.rest/v1/users/992018993730814002:0
[ 2579091ms] [ERROR] Failed to load resource: net::ERR_INTERNET_DISCONNECTED @ https://ws.audioscrobbler.com/2.0/?method=user.getrecenttracks&user=rithv1k&api_key=a073a0bf6d9a7fefde017300100fb281&format=json&limit=1:0
[ 2594092ms] [ERROR] Failed to load resource: net::ERR_INTERNET_DISCONNECTED @ https://api.lanyard.rest/v1/users/992018993730814002:0
[ 2594092ms] [ERROR] Failed to load resource: net::ERR_INTERNET_DISCONNECTED @ https://ws.audioscrobbler.com/2.0/?method=user.getrecenttracks&user=rithv1k&api_key=a073a0bf6d9a7fefde017300100fb281&format=json&limit=1:0
[ 2609094ms] [ERROR] Failed to load resource: net::ERR_INTERNET_DISCONNECTED @ https://api.lanyard.rest/v1/users/992018993730814002:0
[ 2609095ms] [ERROR] Failed to load resource: net::ERR_INTERNET_DISCONNECTED @ https://ws.audioscrobbler.com/2.0/?method=user.getrecenttracks&user=rithv1k&api_key=a073a0bf6d9a7fefde017300100fb281&format=json&limit=1:0
[ 2624081ms] [ERROR] Failed to load resource: net::ERR_INTERNET_DISCONNECTED @ https://ws.audioscrobbler.com/2.0/?method=user.getrecenttracks&user=rithv1k&api_key=a073a0bf6d9a7fefde017300100fb281&format=json&limit=1:0
[ 2624082ms] [ERROR] Failed to load resource: net::ERR_INTERNET_DISCONNECTED @ https://api.lanyard.rest/v1/users/992018993730814002:0
[ 2639094ms] [ERROR] Failed to load resource: net::ERR_INTERNET_DISCONNECTED @ https://api.lanyard.rest/v1/users/992018993730814002:0
[ 2639094ms] [ERROR] Failed to load resource: net::ERR_INTERNET_DISCONNECTED @ https://ws.audioscrobbler.com/2.0/?method=user.getrecenttracks&user=rithv1k&api_key=a073a0bf6d9a7fefde017300100fb281&format=json&limit=1:0
[ 2654092ms] [ERROR] Failed to load resource: net::ERR_INTERNET_DISCONNECTED @ https://api.lanyard.rest/v1/users/992018993730814002:0
[ 2654093ms] [ERROR] Failed to load resource: net::ERR_INTERNET_DISCONNECTED @ https://ws.audioscrobbler.com/2.0/?method=user.getrecenttracks&user=rithv1k&api_key=a073a0bf6d9a7fefde017300100fb281&format=json&limit=1:0
[ 2669079ms] [ERROR] Failed to load resource: net::ERR_INTERNET_DISCONNECTED @ https://ws.audioscrobbler.com/2.0/?method=user.getrecenttracks&user=rithv1k&api_key=a073a0bf6d9a7fefde017300100fb281&format=json&limit=1:0
[ 2669079ms] [ERROR] Failed to load resource: net::ERR_INTERNET_DISCONNECTED @ https://api.lanyard.rest/v1/users/992018993730814002:0
[ 2684083ms] [ERROR] Failed to load resource: net::ERR_INTERNET_DISCONNECTED @ https://ws.audioscrobbler.com/2.0/?method=user.getrecenttracks&user=rithv1k&api_key=a073a0bf6d9a7fefde017300100fb281&format=json&limit=1:0
[ 2684083ms] [ERROR] Failed to load resource: net::ERR_INTERNET_DISCONNECTED @ https://api.lanyard.rest/v1/users/992018993730814002:0
[ 2699081ms] [ERROR] Failed to load resource: net::ERR_INTERNET_DISCONNECTED @ https://api.lanyard.rest/v1/users/992018993730814002:0
[ 2699081ms] [ERROR] Failed to load resource: net::ERR_INTERNET_DISCONNECTED @ https://ws.audioscrobbler.com/2.0/?method=user.getrecenttracks&user=rithv1k&api_key=a073a0bf6d9a7fefde017300100fb281&format=json&limit=1:0
[ 2714091ms] [ERROR] Failed to load resource: net::ERR_INTERNET_DISCONNECTED @ https://api.lanyard.rest/v1/users/992018993730814002:0
[ 2714091ms] [ERROR] Failed to load resource: net::ERR_INTERNET_DISCONNECTED @ https://ws.audioscrobbler.com/2.0/?method=user.getrecenttracks&user=rithv1k&api_key=a073a0bf6d9a7fefde017300100fb281&format=json&limit=1:0
[ 2729077ms] [ERROR] Failed to load resource: net::ERR_INTERNET_DISCONNECTED @ https://api.lanyard.rest/v1/users/992018993730814002:0
[ 2729078ms] [ERROR] Failed to load resource: net::ERR_INTERNET_DISCONNECTED @ https://ws.audioscrobbler.com/2.0/?method=user.getrecenttracks&user=rithv1k&api_key=a073a0bf6d9a7fefde017300100fb281&format=json&limit=1:0
[ 2744086ms] [ERROR] Failed to load resource: net::ERR_INTERNET_DISCONNECTED @ https://api.lanyard.rest/v1/users/992018993730814002:0
[ 2744086ms] [ERROR] Failed to load resource: net::ERR_INTERNET_DISCONNECTED @ https://ws.audioscrobbler.com/2.0/?method=user.getrecenttracks&user=rithv1k&api_key=a073a0bf6d9a7fefde017300100fb281&format=json&limit=1:0
[ 2759087ms] [ERROR] Failed to load resource: net::ERR_INTERNET_DISCONNECTED @ https://api.lanyard.rest/v1/users/992018993730814002:0
[ 2759088ms] [ERROR] Failed to load resource: net::ERR_INTERNET_DISCONNECTED @ https://ws.audioscrobbler.com/2.0/?method=user.getrecenttracks&user=rithv1k&api_key=a073a0bf6d9a7fefde017300100fb281&format=json&limit=1:0
[ 2774085ms] [ERROR] Failed to load resource: net::ERR_INTERNET_DISCONNECTED @ https://api.lanyard.rest/v1/users/992018993730814002:0
[ 2774086ms] [ERROR] Failed to load resource: net::ERR_INTERNET_DISCONNECTED @ https://ws.audioscrobbler.com/2.0/?method=user.getrecenttracks&user=rithv1k&api_key=a073a0bf6d9a7fefde017300100fb281&format=json&limit=1:0
[ 2789094ms] [ERROR] Failed to load resource: net::ERR_INTERNET_DISCONNECTED @ https://api.lanyard.rest/v1/users/992018993730814002:0
[ 2789094ms] [ERROR] Failed to load resource: net::ERR_INTERNET_DISCONNECTED @ https://ws.audioscrobbler.com/2.0/?method=user.getrecenttracks&user=rithv1k&api_key=a073a0bf6d9a7fefde017300100fb281&format=json&limit=1:0
[ 2804080ms] [ERROR] Failed to load resource: net::ERR_INTERNET_DISCONNECTED @ https://ws.audioscrobbler.com/2.0/?method=user.getrecenttracks&user=rithv1k&api_key=a073a0bf6d9a7fefde017300100fb281&format=json&limit=1:0
[ 2804080ms] [ERROR] Failed to load resource: net::ERR_INTERNET_DISCONNECTED @ https://api.lanyard.rest/v1/users/992018993730814002:0
[ 2819085ms] [ERROR] Failed to load resource: net::ERR_INTERNET_DISCONNECTED @ https://api.lanyard.rest/v1/users/992018993730814002:0
[ 2819086ms] [ERROR] Failed to load resource: net::ERR_INTERNET_DISCONNECTED @ https://ws.audioscrobbler.com/2.0/?method=user.getrecenttracks&user=rithv1k&api_key=a073a0bf6d9a7fefde017300100fb281&format=json&limit=1:0
[ 2834080ms] [ERROR] Failed to load resource: net::ERR_INTERNET_DISCONNECTED @ https://ws.audioscrobbler.com/2.0/?method=user.getrecenttracks&user=rithv1k&api_key=a073a0bf6d9a7fefde017300100fb281&format=json&limit=1:0
[ 2834081ms] [ERROR] Failed to load resource: net::ERR_INTERNET_DISCONNECTED @ https://api.lanyard.rest/v1/users/992018993730814002:0
[ 2849091ms] [ERROR] Failed to load resource: net::ERR_INTERNET_DISCONNECTED @ https://api.lanyard.rest/v1/users/992018993730814002:0
[ 2849092ms] [ERROR] Failed to load resource: net::ERR_INTERNET_DISCONNECTED @ https://ws.audioscrobbler.com/2.0/?method=user.getrecenttracks&user=rithv1k&api_key=a073a0bf6d9a7fefde017300100fb281&format=json&limit=1:0
[ 2864086ms] [ERROR] Failed to load resource: net::ERR_INTERNET_DISCONNECTED @ https://api.lanyard.rest/v1/users/992018993730814002:0
[ 2864086ms] [ERROR] Failed to load resource: net::ERR_INTERNET_DISCONNECTED @ https://ws.audioscrobbler.com/2.0/?method=user.getrecenttracks&user=rithv1k&api_key=a073a0bf6d9a7fefde017300100fb281&format=json&limit=1:0
[ 2879097ms] [ERROR] Failed to load resource: net::ERR_INTERNET_DISCONNECTED @ https://ws.audioscrobbler.com/2.0/?method=user.getrecenttracks&user=rithv1k&api_key=a073a0bf6d9a7fefde017300100fb281&format=json&limit=1:0
[ 2879097ms] [ERROR] Failed to load resource: net::ERR_INTERNET_DISCONNECTED @ https://api.lanyard.rest/v1/users/992018993730814002:0
[ 2894088ms] [ERROR] Failed to load resource: net::ERR_INTERNET_DISCONNECTED @ https://ws.audioscrobbler.com/2.0/?method=user.getrecenttracks&user=rithv1k&api_key=a073a0bf6d9a7fefde017300100fb281&format=json&limit=1:0
[ 2894088ms] [ERROR] Failed to load resource: net::ERR_INTERNET_DISCONNECTED @ https://api.lanyard.rest/v1/users/992018993730814002:0
[ 2909101ms] [ERROR] Failed to load resource: net::ERR_INTERNET_DISCONNECTED @ https://api.lanyard.rest/v1/users/992018993730814002:0
[ 2909101ms] [ERROR] Failed to load resource: net::ERR_INTERNET_DISCONNECTED @ https://ws.audioscrobbler.com/2.0/?method=user.getrecenttracks&user=rithv1k&api_key=a073a0bf6d9a7fefde017300100fb281&format=json&limit=1:0
[ 2924083ms] [ERROR] Failed to load resource: net::ERR_INTERNET_DISCONNECTED @ https://ws.audioscrobbler.com/2.0/?method=user.getrecenttracks&user=rithv1k&api_key=a073a0bf6d9a7fefde017300100fb281&format=json&limit=1:0
[ 2924083ms] [ERROR] Failed to load resource: net::ERR_INTERNET_DISCONNECTED @ https://api.lanyard.rest/v1/users/992018993730814002:0
[ 2939105ms] [ERROR] Failed to load resource: net::ERR_INTERNET_DISCONNECTED @ https://api.lanyard.rest/v1/users/992018993730814002:0
[ 2939106ms] [ERROR] Failed to load resource: net::ERR_INTERNET_DISCONNECTED @ https://ws.audioscrobbler.com/2.0/?method=user.getrecenttracks&user=rithv1k&api_key=a073a0bf6d9a7fefde017300100fb281&format=json&limit=1:0
[ 2954082ms] [ERROR] Failed to load resource: net::ERR_INTERNET_DISCONNECTED @ https://api.lanyard.rest/v1/users/992018993730814002:0
[ 2954082ms] [ERROR] Failed to load resource: net::ERR_INTERNET_DISCONNECTED @ https://ws.audioscrobbler.com/2.0/?method=user.getrecenttracks&user=rithv1k&api_key=a073a0bf6d9a7fefde017300100fb281&format=json&limit=1:0
[ 2969082ms] [ERROR] Failed to load resource: net::ERR_INTERNET_DISCONNECTED @ https://api.lanyard.rest/v1/users/992018993730814002:0
[ 2969082ms] [ERROR] Failed to load resource: net::ERR_INTERNET_DISCONNECTED @ https://ws.audioscrobbler.com/2.0/?method=user.getrecenttracks&user=rithv1k&api_key=a073a0bf6d9a7fefde017300100fb281&format=json&limit=1:0
[ 2984093ms] [ERROR] Failed to load resource: net::ERR_INTERNET_DISCONNECTED @ https://ws.audioscrobbler.com/2.0/?method=user.getrecenttracks&user=rithv1k&api_key=a073a0bf6d9a7fefde017300100fb281&format=json&limit=1:0
[ 2984093ms] [ERROR] Failed to load resource: net::ERR_INTERNET_DISCONNECTED @ https://api.lanyard.rest/v1/users/992018993730814002:0
[ 2999108ms] [ERROR] Failed to load resource: net::ERR_INTERNET_DISCONNECTED @ https://api.lanyard.rest/v1/users/992018993730814002:0
[ 2999108ms] [ERROR] Failed to load resource: net::ERR_INTERNET_DISCONNECTED @ https://ws.audioscrobbler.com/2.0/?method=user.getrecenttracks&user=rithv1k&api_key=a073a0bf6d9a7fefde017300100fb281&format=json&limit=1:0
[ 3014099ms] [ERROR] Failed to load resource: net::ERR_INTERNET_DISCONNECTED @ https://ws.audioscrobbler.com/2.0/?method=user.getrecenttracks&user=rithv1k&api_key=a073a0bf6d9a7fefde017300100fb281&format=json&limit=1:0
[ 3014099ms] [ERROR] Failed to load resource: net::ERR_INTERNET_DISCONNECTED @ https://api.lanyard.rest/v1/users/992018993730814002:0
[ 3029096ms] [ERROR] Failed to load resource: net::ERR_INTERNET_DISCONNECTED @ https://ws.audioscrobbler.com/2.0/?method=user.getrecenttracks&user=rithv1k&api_key=a073a0bf6d9a7fefde017300100fb281&format=json&limit=1:0
[ 3029096ms] [ERROR] Failed to load resource: net::ERR_INTERNET_DISCONNECTED @ https://api.lanyard.rest/v1/users/992018993730814002:0
[ 3044089ms] [ERROR] Failed to load resource: net::ERR_INTERNET_DISCONNECTED @ https://api.lanyard.rest/v1/users/992018993730814002:0
[ 3044089ms] [ERROR] Failed to load resource: net::ERR_INTERNET_DISCONNECTED @ https://ws.audioscrobbler.com/2.0/?method=user.getrecenttracks&user=rithv1k&api_key=a073a0bf6d9a7fefde017300100fb281&format=json&limit=1:0
[ 3059088ms] [ERROR] Failed to load resource: net::ERR_INTERNET_DISCONNECTED @ https://api.lanyard.rest/v1/users/992018993730814002:0
[ 3059088ms] [ERROR] Failed to load resource: net::ERR_INTERNET_DISCONNECTED @ https://ws.audioscrobbler.com/2.0/?method=user.getrecenttracks&user=rithv1k&api_key=a073a0bf6d9a7fefde017300100fb281&format=json&limit=1:0
[ 3074088ms] [ERROR] Failed to load resource: net::ERR_INTERNET_DISCONNECTED @ https://ws.audioscrobbler.com/2.0/?method=user.getrecenttracks&user=rithv1k&api_key=a073a0bf6d9a7fefde017300100fb281&format=json&limit=1:0
[ 3074088ms] [ERROR] Failed to load resource: net::ERR_INTERNET_DISCONNECTED @ https://api.lanyard.rest/v1/users/992018993730814002:0
[ 3089104ms] [ERROR] Failed to load resource: net::ERR_INTERNET_DISCONNECTED @ https://api.lanyard.rest/v1/users/992018993730814002:0
[ 3089104ms] [ERROR] Failed to load resource: net::ERR_INTERNET_DISCONNECTED @ https://ws.audioscrobbler.com/2.0/?method=user.getrecenttracks&user=rithv1k&api_key=a073a0bf6d9a7fefde017300100fb281&format=json&limit=1:0
[ 3104085ms] [ERROR] Failed to load resource: net::ERR_INTERNET_DISCONNECTED @ https://api.lanyard.rest/v1/users/992018993730814002:0
[ 3104085ms] [ERROR] Failed to load resource: net::ERR_INTERNET_DISCONNECTED @ https://ws.audioscrobbler.com/2.0/?method=user.getrecenttracks&user=rithv1k&api_key=a073a0bf6d9a7fefde017300100fb281&format=json&limit=1:0
[ 3119109ms] [ERROR] Failed to load resource: net::ERR_INTERNET_DISCONNECTED @ https://ws.audioscrobbler.com/2.0/?method=user.getrecenttracks&user=rithv1k&api_key=a073a0bf6d9a7fefde017300100fb281&format=json&limit=1:0
[ 3119110ms] [ERROR] Failed to load resource: net::ERR_INTERNET_DISCONNECTED @ https://api.lanyard.rest/v1/users/992018993730814002:0
[ 3134096ms] [ERROR] Failed to load resource: net::ERR_INTERNET_DISCONNECTED @ https://api.lanyard.rest/v1/users/992018993730814002:0
[ 3134096ms] [ERROR] Failed to load resource: net::ERR_INTERNET_DISCONNECTED @ https://ws.audioscrobbler.com/2.0/?method=user.getrecenttracks&user=rithv1k&api_key=a073a0bf6d9a7fefde017300100fb281&format=json&limit=1:0
[ 3149097ms] [ERROR] Failed to load resource: net::ERR_INTERNET_DISCONNECTED @ https://api.lanyard.rest/v1/users/992018993730814002:0
[ 3149097ms] [ERROR] Failed to load resource: net::ERR_INTERNET_DISCONNECTED @ https://ws.audioscrobbler.com/2.0/?method=user.getrecenttracks&user=rithv1k&api_key=a073a0bf6d9a7fefde017300100fb281&format=json&limit=1:0
[ 3164092ms] [ERROR] Failed to load resource: net::ERR_INTERNET_DISCONNECTED @ https://api.lanyard.rest/v1/users/992018993730814002:0
[ 3164097ms] [ERROR] Failed to load resource: net::ERR_INTERNET_DISCONNECTED @ https://ws.audioscrobbler.com/2.0/?method=user.getrecenttracks&user=rithv1k&api_key=a073a0bf6d9a7fefde017300100fb281&format=json&limit=1:0
[ 3179083ms] [ERROR] Failed to load resource: net::ERR_INTERNET_DISCONNECTED @ https://api.lanyard.rest/v1/users/992018993730814002:0
[ 3179084ms] [ERROR] Failed to load resource: net::ERR_INTERNET_DISCONNECTED @ https://ws.audioscrobbler.com/2.0/?method=user.getrecenttracks&user=rithv1k&api_key=a073a0bf6d9a7fefde017300100fb281&format=json&limit=1:0
[ 3194085ms] [ERROR] Failed to load resource: net::ERR_INTERNET_DISCONNECTED @ https://api.lanyard.rest/v1/users/992018993730814002:0
[ 3194086ms] [ERROR] Failed to load resource: net::ERR_INTERNET_DISCONNECTED @ https://ws.audioscrobbler.com/2.0/?method=user.getrecenttracks&user=rithv1k&api_key=a073a0bf6d9a7fefde017300100fb281&format=json&limit=1:0
[ 3209097ms] [ERROR] Failed to load resource: net::ERR_INTERNET_DISCONNECTED @ https://api.lanyard.rest/v1/users/992018993730814002:0
[ 3209098ms] [ERROR] Failed to load resource: net::ERR_INTERNET_DISCONNECTED @ https://ws.audioscrobbler.com/2.0/?method=user.getrecenttracks&user=rithv1k&api_key=a073a0bf6d9a7fefde017300100fb281&format=json&limit=1:0
[ 3224108ms] [ERROR] Failed to load resource: net::ERR_INTERNET_DISCONNECTED @ https://api.lanyard.rest/v1/users/992018993730814002:0
[ 3224109ms] [ERROR] Failed to load resource: net::ERR_INTERNET_DISCONNECTED @ https://ws.audioscrobbler.com/2.0/?method=user.getrecenttracks&user=rithv1k&api_key=a073a0bf6d9a7fefde017300100fb281&format=json&limit=1:0
[ 3239104ms] [ERROR] Failed to load resource: net::ERR_INTERNET_DISCONNECTED @ https://ws.audioscrobbler.com/2.0/?method=user.getrecenttracks&user=rithv1k&api_key=a073a0bf6d9a7fefde017300100fb281&format=json&limit=1:0
[ 3239105ms] [ERROR] Failed to load resource: net::ERR_INTERNET_DISCONNECTED @ https://api.lanyard.rest/v1/users/992018993730814002:0
[ 3254098ms] [ERROR] Failed to load resource: net::ERR_INTERNET_DISCONNECTED @ https://ws.audioscrobbler.com/2.0/?method=user.getrecenttracks&user=rithv1k&api_key=a073a0bf6d9a7fefde017300100fb281&format=json&limit=1:0
[ 3254100ms] [ERROR] Failed to load resource: net::ERR_INTERNET_DISCONNECTED @ https://api.lanyard.rest/v1/users/992018993730814002:0
[ 3269100ms] [ERROR] Failed to load resource: net::ERR_INTERNET_DISCONNECTED @ https://api.lanyard.rest/v1/users/992018993730814002:0
[ 3269102ms] [ERROR] Failed to load resource: net::ERR_INTERNET_DISCONNECTED @ https://ws.audioscrobbler.com/2.0/?method=user.getrecenttracks&user=rithv1k&api_key=a073a0bf6d9a7fefde017300100fb281&format=json&limit=1:0
[ 3284101ms] [ERROR] Failed to load resource: net::ERR_INTERNET_DISCONNECTED @ https://api.lanyard.rest/v1/users/992018993730814002:0
[ 3284102ms] [ERROR] Failed to load resource: net::ERR_INTERNET_DISCONNECTED @ https://ws.audioscrobbler.com/2.0/?method=user.getrecenttracks&user=rithv1k&api_key=a073a0bf6d9a7fefde017300100fb281&format=json&limit=1:0
[ 3299103ms] [ERROR] Failed to load resource: net::ERR_INTERNET_DISCONNECTED @ https://api.lanyard.rest/v1/users/992018993730814002:0
[ 3299103ms] [ERROR] Failed to load resource: net::ERR_INTERNET_DISCONNECTED @ https://ws.audioscrobbler.com/2.0/?method=user.getrecenttracks&user=rithv1k&api_key=a073a0bf6d9a7fefde017300100fb281&format=json&limit=1:0
[ 3314088ms] [ERROR] Failed to load resource: net::ERR_INTERNET_DISCONNECTED @ https://ws.audioscrobbler.com/2.0/?method=user.getrecenttracks&user=rithv1k&api_key=a073a0bf6d9a7fefde017300100fb281&format=json&limit=1:0
[ 3314088ms] [ERROR] Failed to load resource: net::ERR_INTERNET_DISCONNECTED @ https://api.lanyard.rest/v1/users/992018993730814002:0
[ 3329103ms] [ERROR] Failed to load resource: net::ERR_INTERNET_DISCONNECTED @ https://api.lanyard.rest/v1/users/992018993730814002:0
[ 3329104ms] [ERROR] Failed to load resource: net::ERR_INTERNET_DISCONNECTED @ https://ws.audioscrobbler.com/2.0/?method=user.getrecenttracks&user=rithv1k&api_key=a073a0bf6d9a7fefde017300100fb281&format=json&limit=1:0
[ 3344082ms] [ERROR] Failed to load resource: net::ERR_INTERNET_DISCONNECTED @ https://api.lanyard.rest/v1/users/992018993730814002:0
[ 3344083ms] [ERROR] Failed to load resource: net::ERR_INTERNET_DISCONNECTED @ https://ws.audioscrobbler.com/2.0/?method=user.getrecenttracks&user=rithv1k&api_key=a073a0bf6d9a7fefde017300100fb281&format=json&limit=1:0
[ 3359100ms] [ERROR] Failed to load resource: net::ERR_INTERNET_DISCONNECTED @ https://api.lanyard.rest/v1/users/992018993730814002:0
[ 3359101ms] [ERROR] Failed to load resource: net::ERR_INTERNET_DISCONNECTED @ https://ws.audioscrobbler.com/2.0/?method=user.getrecenttracks&user=rithv1k&api_key=a073a0bf6d9a7fefde017300100fb281&format=json&limit=1:0
[ 3374108ms] [ERROR] Failed to load resource: net::ERR_INTERNET_DISCONNECTED @ https://ws.audioscrobbler.com/2.0/?method=user.getrecenttracks&user=rithv1k&api_key=a073a0bf6d9a7fefde017300100fb281&format=json&limit=1:0
[ 3374112ms] [ERROR] Failed to load resource: net::ERR_INTERNET_DISCONNECTED @ https://api.lanyard.rest/v1/users/992018993730814002:0
[ 3389098ms] [ERROR] Failed to load resource: net::ERR_INTERNET_DISCONNECTED @ https://api.lanyard.rest/v1/users/992018993730814002:0
[ 3389100ms] [ERROR] Failed to load resource: net::ERR_INTERNET_DISCONNECTED @ https://ws.audioscrobbler.com/2.0/?method=user.getrecenttracks&user=rithv1k&api_key=a073a0bf6d9a7fefde017300100fb281&format=json&limit=1:0
[ 3404108ms] [ERROR] Failed to load resource: net::ERR_INTERNET_DISCONNECTED @ https://api.lanyard.rest/v1/users/992018993730814002:0
[ 3404109ms] [ERROR] Failed to load resource: net::ERR_INTERNET_DISCONNECTED @ https://ws.audioscrobbler.com/2.0/?method=user.getrecenttracks&user=rithv1k&api_key=a073a0bf6d9a7fefde017300100fb281&format=json&limit=1:0
[ 3419098ms] [ERROR] Failed to load resource: net::ERR_INTERNET_DISCONNECTED @ https://api.lanyard.rest/v1/users/992018993730814002:0
[ 3419103ms] [ERROR] Failed to load resource: net::ERR_INTERNET_DISCONNECTED @ https://ws.audioscrobbler.com/2.0/?method=user.getrecenttracks&user=rithv1k&api_key=a073a0bf6d9a7fefde017300100fb281&format=json&limit=1:0
[ 3434090ms] [ERROR] Failed to load resource: net::ERR_INTERNET_DISCONNECTED @ https://ws.audioscrobbler.com/2.0/?method=user.getrecenttracks&user=rithv1k&api_key=a073a0bf6d9a7fefde017300100fb281&format=json&limit=1:0
[ 3434090ms] [ERROR] Failed to load resource: net::ERR_INTERNET_DISCONNECTED @ https://api.lanyard.rest/v1/users/992018993730814002:0
[ 3449109ms] [ERROR] Failed to load resource: net::ERR_INTERNET_DISCONNECTED @ https://ws.audioscrobbler.com/2.0/?method=user.getrecenttracks&user=rithv1k&api_key=a073a0bf6d9a7fefde017300100fb281&format=json&limit=1:0
[ 3449111ms] [ERROR] Failed to load resource: net::ERR_INTERNET_DISCONNECTED @ https://api.lanyard.rest/v1/users/992018993730814002:0
[ 3464102ms] [ERROR] Failed to load resource: net::ERR_INTERNET_DISCONNECTED @ https://api.lanyard.rest/v1/users/992018993730814002:0
[ 3464103ms] [ERROR] Failed to load resource: net::ERR_INTERNET_DISCONNECTED @ https://ws.audioscrobbler.com/2.0/?method=user.getrecenttracks&user=rithv1k&api_key=a073a0bf6d9a7fefde017300100fb281&format=json&limit=1:0
[ 3479108ms] [ERROR] Failed to load resource: net::ERR_INTERNET_DISCONNECTED @ https://api.lanyard.rest/v1/users/992018993730814002:0
[ 3479108ms] [ERROR] Failed to load resource: net::ERR_INTERNET_DISCONNECTED @ https://ws.audioscrobbler.com/2.0/?method=user.getrecenttracks&user=rithv1k&api_key=a073a0bf6d9a7fefde017300100fb281&format=json&limit=1:0
[ 3494083ms] [ERROR] Failed to load resource: net::ERR_INTERNET_DISCONNECTED @ https://api.lanyard.rest/v1/users/992018993730814002:0
[ 3494083ms] [ERROR] Failed to load resource: net::ERR_INTERNET_DISCONNECTED @ https://ws.audioscrobbler.com/2.0/?method=user.getrecenttracks&user=rithv1k&api_key=a073a0bf6d9a7fefde017300100fb281&format=json&limit=1:0
[ 3509084ms] [ERROR] Failed to load resource: net::ERR_INTERNET_DISCONNECTED @ https://api.lanyard.rest/v1/users/992018993730814002:0
[ 3509085ms] [ERROR] Failed to load resource: net::ERR_INTERNET_DISCONNECTED @ https://ws.audioscrobbler.com/2.0/?method=user.getrecenttracks&user=rithv1k&api_key=a073a0bf6d9a7fefde017300100fb281&format=json&limit=1:0
[ 3524090ms] [ERROR] Failed to load resource: net::ERR_INTERNET_DISCONNECTED @ https://api.lanyard.rest/v1/users/992018993730814002:0
[ 3524090ms] [ERROR] Failed to load resource: net::ERR_INTERNET_DISCONNECTED @ https://ws.audioscrobbler.com/2.0/?method=user.getrecenttracks&user=rithv1k&api_key=a073a0bf6d9a7fefde017300100fb281&format=json&limit=1:0
[ 3539081ms] [ERROR] Failed to load resource: net::ERR_INTERNET_DISCONNECTED @ https://api.lanyard.rest/v1/users/992018993730814002:0
[ 3539081ms] [ERROR] Failed to load resource: net::ERR_INTERNET_DISCONNECTED @ https://ws.audioscrobbler.com/2.0/?method=user.getrecenttracks&user=rithv1k&api_key=a073a0bf6d9a7fefde017300100fb281&format=json&limit=1:0
[ 3554110ms] [ERROR] Failed to load resource: net::ERR_INTERNET_DISCONNECTED @ https://api.lanyard.rest/v1/users/992018993730814002:0
[ 3554111ms] [ERROR] Failed to load resource: net::ERR_INTERNET_DISCONNECTED @ https://ws.audioscrobbler.com/2.0/?method=user.getrecenttracks&user=rithv1k&api_key=a073a0bf6d9a7fefde017300100fb281&format=json&limit=1:0
[ 3569105ms] [ERROR] Failed to load resource: net::ERR_INTERNET_DISCONNECTED @ https://api.lanyard.rest/v1/users/992018993730814002:0
[ 3569106ms] [ERROR] Failed to load resource: net::ERR_INTERNET_DISCONNECTED @ https://ws.audioscrobbler.com/2.0/?method=user.getrecenttracks&user=rithv1k&api_key=a073a0bf6d9a7fefde017300100fb281&format=json&limit=1:0
[ 3584094ms] [ERROR] Failed to load resource: net::ERR_INTERNET_DISCONNECTED @ https://ws.audioscrobbler.com/2.0/?method=user.getrecenttracks&user=rithv1k&api_key=a073a0bf6d9a7fefde017300100fb281&format=json&limit=1:0
[ 3584095ms] [ERROR] Failed to load resource: net::ERR_INTERNET_DISCONNECTED @ https://api.lanyard.rest/v1/users/992018993730814002:0
[ 3599103ms] [ERROR] Failed to load resource: net::ERR_INTERNET_DISCONNECTED @ https://api.lanyard.rest/v1/users/992018993730814002:0
[ 3599104ms] [ERROR] Failed to load resource: net::ERR_INTERNET_DISCONNECTED @ https://ws.audioscrobbler.com/2.0/?method=user.getrecenttracks&user=rithv1k&api_key=a073a0bf6d9a7fefde017300100fb281&format=json&limit=1:0
[ 3614108ms] [ERROR] Failed to load resource: net::ERR_INTERNET_DISCONNECTED @ https://ws.audioscrobbler.com/2.0/?method=user.getrecenttracks&user=rithv1k&api_key=a073a0bf6d9a7fefde017300100fb281&format=json&limit=1:0
[ 3614109ms] [ERROR] Failed to load resource: net::ERR_INTERNET_DISCONNECTED @ https://api.lanyard.rest/v1/users/992018993730814002:0
[ 3629081ms] [ERROR] Failed to load resource: net::ERR_INTERNET_DISCONNECTED @ https://api.lanyard.rest/v1/users/992018993730814002:0
[ 3629081ms] [ERROR] Failed to load resource: net::ERR_INTERNET_DISCONNECTED @ https://ws.audioscrobbler.com/2.0/?method=user.getrecenttracks&user=rithv1k&api_key=a073a0bf6d9a7fefde017300100fb281&format=json&limit=1:0
[ 3644085ms] [ERROR] Failed to load resource: net::ERR_INTERNET_DISCONNECTED @ https://api.lanyard.rest/v1/users/992018993730814002:0
[ 3644086ms] [ERROR] Failed to load resource: net::ERR_INTERNET_DISCONNECTED @ https://ws.audioscrobbler.com/2.0/?method=user.getrecenttracks&user=rithv1k&api_key=a073a0bf6d9a7fefde017300100fb281&format=json&limit=1:0
[ 3659098ms] [ERROR] Failed to load resource: net::ERR_INTERNET_DISCONNECTED @ https://ws.audioscrobbler.com/2.0/?method=user.getrecenttracks&user=rithv1k&api_key=a073a0bf6d9a7fefde017300100fb281&format=json&limit=1:0
[ 3659099ms] [ERROR] Failed to load resource: net::ERR_INTERNET_DISCONNECTED @ https://api.lanyard.rest/v1/users/992018993730814002:0
[ 3674114ms] [ERROR] Failed to load resource: net::ERR_INTERNET_DISCONNECTED @ https://api.lanyard.rest/v1/users/992018993730814002:0
[ 3674115ms] [ERROR] Failed to load resource: net::ERR_INTERNET_DISCONNECTED @ https://ws.audioscrobbler.com/2.0/?method=user.getrecenttracks&user=rithv1k&api_key=a073a0bf6d9a7fefde017300100fb281&format=json&limit=1:0
[ 3689109ms] [ERROR] Failed to load resource: net::ERR_INTERNET_DISCONNECTED @ https://api.lanyard.rest/v1/users/992018993730814002:0
[ 3689109ms] [ERROR] Failed to load resource: net::ERR_INTERNET_DISCONNECTED @ https://ws.audioscrobbler.com/2.0/?method=user.getrecenttracks&user=rithv1k&api_key=a073a0bf6d9a7fefde017300100fb281&format=json&limit=1:0
[ 3704094ms] [ERROR] Failed to load resource: net::ERR_INTERNET_DISCONNECTED @ https://ws.audioscrobbler.com/2.0/?method=user.getrecenttracks&user=rithv1k&api_key=a073a0bf6d9a7fefde017300100fb281&format=json&limit=1:0
[ 3704095ms] [ERROR] Failed to load resource: net::ERR_INTERNET_DISCONNECTED @ https://api.lanyard.rest/v1/users/992018993730814002:0
[ 3719096ms] [ERROR] Failed to load resource: net::ERR_INTERNET_DISCONNECTED @ https://api.lanyard.rest/v1/users/992018993730814002:0
[ 3719097ms] [ERROR] Failed to load resource: net::ERR_INTERNET_DISCONNECTED @ https://ws.audioscrobbler.com/2.0/?method=user.getrecenttracks&user=rithv1k&api_key=a073a0bf6d9a7fefde017300100fb281&format=json&limit=1:0
[ 3734116ms] [ERROR] Failed to load resource: net::ERR_INTERNET_DISCONNECTED @ https://api.lanyard.rest/v1/users/992018993730814002:0
[ 3734118ms] [ERROR] Failed to load resource: net::ERR_INTERNET_DISCONNECTED @ https://ws.audioscrobbler.com/2.0/?method=user.getrecenttracks&user=rithv1k&api_key=a073a0bf6d9a7fefde017300100fb281&format=json&limit=1:0
[ 3749098ms] [ERROR] Failed to load resource: net::ERR_INTERNET_DISCONNECTED @ https://api.lanyard.rest/v1/users/992018993730814002:0
[ 3749098ms] [ERROR] Failed to load resource: net::ERR_INTERNET_DISCONNECTED @ https://ws.audioscrobbler.com/2.0/?method=user.getrecenttracks&user=rithv1k&api_key=a073a0bf6d9a7fefde017300100fb281&format=json&limit=1:0
[ 3764113ms] [ERROR] Failed to load resource: net::ERR_INTERNET_DISCONNECTED @ https://ws.audioscrobbler.com/2.0/?method=user.getrecenttracks&user=rithv1k&api_key=a073a0bf6d9a7fefde017300100fb281&format=json&limit=1:0
[ 3764114ms] [ERROR] Failed to load resource: net::ERR_INTERNET_DISCONNECTED @ https://api.lanyard.rest/v1/users/992018993730814002:0
[ 3779110ms] [ERROR] Failed to load resource: net::ERR_INTERNET_DISCONNECTED @ https://ws.audioscrobbler.com/2.0/?method=user.getrecenttracks&user=rithv1k&api_key=a073a0bf6d9a7fefde017300100fb281&format=json&limit=1:0
[ 3779111ms] [ERROR] Failed to load resource: net::ERR_INTERNET_DISCONNECTED @ https://api.lanyard.rest/v1/users/992018993730814002:0
[ 3794084ms] [ERROR] Failed to load resource: net::ERR_INTERNET_DISCONNECTED @ https://api.lanyard.rest/v1/users/992018993730814002:0
[ 3794084ms] [ERROR] Failed to load resource: net::ERR_INTERNET_DISCONNECTED @ https://ws.audioscrobbler.com/2.0/?method=user.getrecenttracks&user=rithv1k&api_key=a073a0bf6d9a7fefde017300100fb281&format=json&limit=1:0
[ 3809082ms] [ERROR] Failed to load resource: net::ERR_INTERNET_DISCONNECTED @ https://api.lanyard.rest/v1/users/992018993730814002:0
[ 3809082ms] [ERROR] Failed to load resource: net::ERR_INTERNET_DISCONNECTED @ https://ws.audioscrobbler.com/2.0/?method=user.getrecenttracks&user=rithv1k&api_key=a073a0bf6d9a7fefde017300100fb281&format=json&limit=1:0
[ 5522526ms] [LOG] [HMR] connected @ http://localhost:3000/_next/static/chunks/node_modules_next_dist_7a8122d0._.js:2287
[ 5522526ms] [ERROR] Failed to load resource: net::ERR_INTERNET_DISCONNECTED @ https://api.lanyard.rest/v1/users/992018993730814002:0
[ 5522526ms] [ERROR] Failed to load resource: net::ERR_INTERNET_DISCONNECTED @ https://ws.audioscrobbler.com/2.0/?method=user.getrecenttracks&user=rithv1k&api_key=a073a0bf6d9a7fefde017300100fb281&format=json&limit=1:0
[ 5551649ms] [ERROR] Failed to load resource: net::ERR_NAME_NOT_RESOLVED @ https://ws.audioscrobbler.com/2.0/?method=user.getrecenttracks&user=rithv1k&api_key=a073a0bf6d9a7fefde017300100fb281&format=json&limit=1:0
[ 5551649ms] [ERROR] Failed to load resource: net::ERR_NAME_NOT_RESOLVED @ https://api.lanyard.rest/v1/users/992018993730814002:0
[ 5556125ms] [ERROR] Failed to load resource: net::ERR_NETWORK_CHANGED @ https://api.lanyard.rest/v1/users/992018993730814002:0
[ 5556128ms] [ERROR] Failed to load resource: net::ERR_NETWORK_CHANGED @ https://ws.audioscrobbler.com/2.0/?method=user.getrecenttracks&user=rithv1k&api_key=a073a0bf6d9a7fefde017300100fb281&format=json&limit=1:0
[ 5559809ms] [ERROR] Failed to load resource: net::ERR_INTERNET_DISCONNECTED @ https://api.lanyard.rest/v1/users/992018993730814002:0
[ 5559810ms] [ERROR] Failed to load resource: net::ERR_INTERNET_DISCONNECTED @ https://ws.audioscrobbler.com/2.0/?method=user.getrecenttracks&user=rithv1k&api_key=a073a0bf6d9a7fefde017300100fb281&format=json&limit=1:0
[ 5575259ms] [ERROR] Failed to load resource: the server responded with a status of 404 () @ https://api.lanyard.rest/v1/users/992018993730814002:0
[ 5590502ms] [ERROR] Failed to load resource: the server responded with a status of 404 () @ https://api.lanyard.rest/v1/users/992018993730814002:0
[ 5605105ms] [ERROR] Failed to load resource: the server responded with a status of 404 () @ https://api.lanyard.rest/v1/users/992018993730814002:0
[ 5620113ms] [ERROR] Failed to load resource: the server responded with a status of 404 () @ https://api.lanyard.rest/v1/users/992018993730814002:0
[ 5635111ms] [ERROR] Failed to load resource: the server responded with a status of 404 () @ https://api.lanyard.rest/v1/users/992018993730814002:0
[ 5650106ms] [ERROR] Failed to load resource: the server responded with a status of 404 () @ https://api.lanyard.rest/v1/users/992018993730814002:0
[ 5665102ms] [ERROR] Failed to load resource: the server responded with a status of 404 () @ https://api.lanyard.rest/v1/users/992018993730814002:0
[ 5680236ms] [ERROR] Failed to load resource: the server responded with a status of 404 () @ https://api.lanyard.rest/v1/users/992018993730814002:0
[ 5695097ms] [ERROR] Failed to load resource: the server responded with a status of 404 () @ https://api.lanyard.rest/v1/users/992018993730814002:0
[ 5710111ms] [ERROR] Failed to load resource: the server responded with a status of 404 () @ https://api.lanyard.rest/v1/users/992018993730814002:0
[ 5725154ms] [ERROR] Failed to load resource: the server responded with a status of 404 () @ https://api.lanyard.rest/v1/users/992018993730814002:0
[ 5740096ms] [ERROR] Failed to load resource: the server responded with a status of 404 () @ https://api.lanyard.rest/v1/users/992018993730814002:0
[ 5755480ms] [ERROR] Failed to load resource: the server responded with a status of 404 () @ https://api.lanyard.rest/v1/users/992018993730814002:0
[ 5770125ms] [ERROR] Failed to load resource: the server responded with a status of 404 () @ https://api.lanyard.rest/v1/users/992018993730814002:0
[ 5785112ms] [ERROR] Failed to load resource: the server responded with a status of 404 () @ https://api.lanyard.rest/v1/users/992018993730814002:0
[ 5800107ms] [ERROR] Failed to load resource: the server responded with a status of 404 () @ https://api.lanyard.rest/v1/users/992018993730814002:0
[ 5815112ms] [ERROR] Failed to load resource: the server responded with a status of 404 () @ https://api.lanyard.rest/v1/users/992018993730814002:0
[ 5830172ms] [ERROR] Failed to load resource: the server responded with a status of 404 () @ https://api.lanyard.rest/v1/users/992018993730814002:0
[ 5845108ms] [ERROR] Failed to load resource: the server responded with a status of 404 () @ https://api.lanyard.rest/v1/users/992018993730814002:0
[ 5860104ms] [ERROR] Failed to load resource: the server responded with a status of 404 () @ https://api.lanyard.rest/v1/users/992018993730814002:0
[ 5875108ms] [ERROR] Failed to load resource: the server responded with a status of 404 () @ https://api.lanyard.rest/v1/users/992018993730814002:0
[ 5890098ms] [ERROR] Failed to load resource: the server responded with a status of 404 () @ https://api.lanyard.rest/v1/users/992018993730814002:0
[ 5905093ms] [ERROR] Failed to load resource: the server responded with a status of 404 () @ https://api.lanyard.rest/v1/users/992018993730814002:0
[ 5920098ms] [ERROR] Failed to load resource: the server responded with a status of 404 () @ https://api.lanyard.rest/v1/users/992018993730814002:0
[ 5935137ms] [ERROR] Failed to load resource: the server responded with a status of 404 () @ https://api.lanyard.rest/v1/users/992018993730814002:0
[ 5950093ms] [ERROR] Failed to load resource: the server responded with a status of 404 () @ https://api.lanyard.rest/v1/users/992018993730814002:0
[ 5965107ms] [ERROR] Failed to load resource: the server responded with a status of 404 () @ https://api.lanyard.rest/v1/users/992018993730814002:0
[ 5980100ms] [ERROR] Failed to load resource: the server responded with a status of 404 () @ https://api.lanyard.rest/v1/users/992018993730814002:0
[ 5995128ms] [ERROR] Failed to load resource: the server responded with a status of 404 () @ https://api.lanyard.rest/v1/users/992018993730814002:0
[ 6010097ms] [ERROR] Failed to load resource: the server responded with a status of 404 () @ https://api.lanyard.rest/v1/users/992018993730814002:0
[ 6025098ms] [ERROR] Failed to load resource: the server responded with a status of 404 () @ https://api.lanyard.rest/v1/users/992018993730814002:0
[ 6040094ms] [ERROR] Failed to load resource: the server responded with a status of 404 () @ https://api.lanyard.rest/v1/users/992018993730814002:0
[ 6055105ms] [ERROR] Failed to load resource: the server responded with a status of 404 () @ https://api.lanyard.rest/v1/users/992018993730814002:0
[ 6070114ms] [ERROR] Failed to load resource: the server responded with a status of 404 () @ https://api.lanyard.rest/v1/users/992018993730814002:0
[ 6085096ms] [ERROR] Failed to load resource: the server responded with a status of 404 () @ https://api.lanyard.rest/v1/users/992018993730814002:0
[ 6100125ms] [ERROR] Failed to load resource: the server responded with a status of 404 () @ https://api.lanyard.rest/v1/users/992018993730814002:0
[ 6115102ms] [ERROR] Failed to load resource: the server responded with a status of 404 () @ https://api.lanyard.rest/v1/users/992018993730814002:0
[ 6130111ms] [ERROR] Failed to load resource: the server responded with a status of 404 () @ https://api.lanyard.rest/v1/users/992018993730814002:0
[ 6145109ms] [ERROR] Failed to load resource: the server responded with a status of 404 () @ https://api.lanyard.rest/v1/users/992018993730814002:0
[ 6160121ms] [ERROR] Failed to load resource: the server responded with a status of 404 () @ https://api.lanyard.rest/v1/users/992018993730814002:0
[ 6175159ms] [ERROR] Failed to load resource: the server responded with a status of 404 () @ https://api.lanyard.rest/v1/users/992018993730814002:0
[ 6190104ms] [ERROR] Failed to load resource: the server responded with a status of 404 () @ https://api.lanyard.rest/v1/users/992018993730814002:0
[ 6205109ms] [ERROR] Failed to load resource: the server responded with a status of 404 () @ https://api.lanyard.rest/v1/users/992018993730814002:0
[ 6220105ms] [ERROR] Failed to load resource: the server responded with a status of 404 () @ https://api.lanyard.rest/v1/users/992018993730814002:0
[ 6235136ms] [ERROR] Failed to load resource: the server responded with a status of 404 () @ https://api.lanyard.rest/v1/users/992018993730814002:0
[ 6250113ms] [ERROR] Failed to load resource: the server responded with a status of 404 () @ https://api.lanyard.rest/v1/users/992018993730814002:0
[ 6265234ms] [ERROR] Failed to load resource: the server responded with a status of 404 () @ https://api.lanyard.rest/v1/users/992018993730814002:0
[ 6280102ms] [ERROR] Failed to load resource: the server responded with a status of 404 () @ https://api.lanyard.rest/v1/users/992018993730814002:0
[ 6295100ms] [ERROR] Failed to load resource: the server responded with a status of 404 () @ https://api.lanyard.rest/v1/users/992018993730814002:0
[ 6310104ms] [ERROR] Failed to load resource: the server responded with a status of 404 () @ https://api.lanyard.rest/v1/users/992018993730814002:0
[ 6325099ms] [ERROR] Failed to load resource: the server responded with a status of 404 () @ https://api.lanyard.rest/v1/users/992018993730814002:0
[ 6340102ms] [ERROR] Failed to load resource: the server responded with a status of 404 () @ https://api.lanyard.rest/v1/users/992018993730814002:0
[ 6355101ms] [ERROR] Failed to load resource: the server responded with a status of 404 () @ https://api.lanyard.rest/v1/users/992018993730814002:0
[ 6370201ms] [ERROR] Failed to load resource: the server responded with a status of 404 () @ https://api.lanyard.rest/v1/users/992018993730814002:0
[ 6385101ms] [ERROR] Failed to load resource: the server responded with a status of 404 () @ https://api.lanyard.rest/v1/users/992018993730814002:0
[ 6400112ms] [ERROR] Failed to load resource: the server responded with a status of 404 () @ https://api.lanyard.rest/v1/users/992018993730814002:0
[ 6415092ms] [ERROR] Failed to load resource: the server responded with a status of 404 () @ https://api.lanyard.rest/v1/users/992018993730814002:0
[ 6430100ms] [ERROR] Failed to load resource: the server responded with a status of 404 () @ https://api.lanyard.rest/v1/users/992018993730814002:0
[ 6445100ms] [ERROR] Failed to load resource: the server responded with a status of 404 () @ https://api.lanyard.rest/v1/users/992018993730814002:0
[ 6460101ms] [ERROR] Failed to load resource: the server responded with a status of 404 () @ https://api.lanyard.rest/v1/users/992018993730814002:0
[ 6475108ms] [ERROR] Failed to load resource: the server responded with a status of 404 () @ https://api.lanyard.rest/v1/users/992018993730814002:0
[ 6490103ms] [ERROR] Failed to load resource: the server responded with a status of 404 () @ https://api.lanyard.rest/v1/users/992018993730814002:0
[ 6505090ms] [ERROR] Failed to load resource: the server responded with a status of 404 () @ https://api.lanyard.rest/v1/users/992018993730814002:0
[ 6520094ms] [ERROR] Failed to load resource: the server responded with a status of 404 () @ https://api.lanyard.rest/v1/users/992018993730814002:0
[ 6535104ms] [ERROR] Failed to load resource: the server responded with a status of 404 () @ https://api.lanyard.rest/v1/users/992018993730814002:0
[ 6550094ms] [ERROR] Failed to load resource: the server responded with a status of 404 () @ https://api.lanyard.rest/v1/users/992018993730814002:0
[ 6565110ms] [ERROR] Failed to load resource: the server responded with a status of 404 () @ https://api.lanyard.rest/v1/users/992018993730814002:0
[ 6580093ms] [ERROR] Failed to load resource: the server responded with a status of 404 () @ https://api.lanyard.rest/v1/users/992018993730814002:0
[ 6595104ms] [ERROR] Failed to load resource: the server responded with a status of 404 () @ https://api.lanyard.rest/v1/users/992018993730814002:0
[ 6605475ms] [LOG] [Fast Refresh] rebuilding @ http://localhost:3000/_next/static/chunks/node_modules_next_dist_7a8122d0._.js:2287
[ 6607168ms] [LOG] [Fast Refresh] done in 1800ms @ http://localhost:3000/_next/static/chunks/node_modules_next_dist_7a8122d0._.js:2287
[ 6607454ms] [LOG] [Fast Refresh] rebuilding @ http://localhost:3000/_next/static/chunks/node_modules_next_dist_7a8122d0._.js:2287
[ 6607570ms] [LOG] [Fast Refresh] done in 229ms @ http://localhost:3000/_next/static/chunks/node_modules_next_dist_7a8122d0._.js:2287
[ 6610111ms] [ERROR] Failed to load resource: the server responded with a status of 404 () @ https://api.lanyard.rest/v1/users/992018993730814002:0
[ 6625114ms] [ERROR] Failed to load resource: the server responded with a status of 404 () @ https://api.lanyard.rest/v1/users/992018993730814002:0
[ 6647547ms] [ERROR] Failed to load resource: net::ERR_INTERNET_DISCONNECTED @ https://ws.audioscrobbler.com/2.0/?method=user.getrecenttracks&user=rithv1k&api_key=a073a0bf6d9a7fefde017300100fb281&format=json&limit=1:0
[ 6647563ms] [ERROR] Failed to load resource: net::ERR_INTERNET_DISCONNECTED @ https://api.lanyard.rest/v1/users/992018993730814002:0
[ 6647971ms] [LOG] [Fast Refresh] rebuilding @ http://localhost:3000/_next/static/chunks/node_modules_next_dist_7a8122d0._.js:2287
[ 6648559ms] [LOG] [Fast Refresh] done in 711ms @ http://localhost:3000/_next/static/chunks/node_modules_next_dist_7a8122d0._.js:2287
[ 6648937ms] [LOG] [Fast Refresh] rebuilding @ http://localhost:3000/_next/static/chunks/node_modules_next_dist_7a8122d0._.js:2287
[ 6648945ms] [LOG] [Fast Refresh] done in 175ms @ http://localhost:3000/_next/static/chunks/node_modules_next_dist_7a8122d0._.js:2287
[ 6649274ms] [LOG] [Fast Refresh] rebuilding @ http://localhost:3000/_next/static/chunks/node_modules_next_dist_7a8122d0._.js:2287
[ 6649465ms] [LOG] [Fast Refresh] done in 340ms @ http://localhost:3000/_next/static/chunks/node_modules_next_dist_7a8122d0._.js:2287
[ 6649646ms] [LOG] [Fast Refresh] rebuilding @ http://localhost:3000/_next/static/chunks/node_modules_next_dist_7a8122d0._.js:2287
[ 6650535ms] [LOG] [Fast Refresh] done in 1061ms @ http://localhost:3000/_next/static/chunks/node_modules_next_dist_7a8122d0._.js:2287
[ 6650667ms] [LOG] [Fast Refresh] rebuilding @ http://localhost:3000/_next/static/chunks/node_modules_next_dist_7a8122d0._.js:2287
[ 6650791ms] [LOG] [Fast Refresh] done in 227ms @ http://localhost:3000/_next/static/chunks/node_modules_next_dist_7a8122d0._.js:2287
[ 6650922ms] [LOG] [Fast Refresh] rebuilding @ http://localhost:3000/_next/static/chunks/node_modules_next_dist_7a8122d0._.js:2287
[ 6651154ms] [LOG] [Fast Refresh] done in 344ms @ http://localhost:3000/_next/static/chunks/node_modules_next_dist_7a8122d0._.js:2287
[ 6651496ms] [LOG] [Fast Refresh] rebuilding @ http://localhost:3000/_next/static/chunks/node_modules_next_dist_7a8122d0._.js:2287
[ 6651658ms] [LOG] [Fast Refresh] done in 281ms @ http://localhost:3000/_next/static/chunks/node_modules_next_dist_7a8122d0._.js:2287
[ 6654831ms] [ERROR] Failed to load resource: net::ERR_INTERNET_DISCONNECTED @ https://api.lanyard.rest/v1/users/992018993730814002:0
[ 6654837ms] [ERROR] Failed to load resource: net::ERR_INTERNET_DISCONNECTED @ https://ws.audioscrobbler.com/2.0/?method=user.getrecenttracks&user=rithv1k&api_key=a073a0bf6d9a7fefde017300100fb281&format=json&limit=1:0
[ 6654979ms] [LOG] [Fast Refresh] rebuilding @ http://localhost:3000/_next/static/chunks/node_modules_next_dist_7a8122d0._.js:2287
[ 6655015ms] [LOG] [Fast Refresh] done in 158ms @ http://localhost:3000/_next/static/chunks/node_modules_next_dist_7a8122d0._.js:2287
[ 6655168ms] [LOG] [Fast Refresh] rebuilding @ http://localhost:3000/_next/static/chunks/node_modules_next_dist_7a8122d0._.js:2287
[ 6655250ms] [LOG] [Fast Refresh] done in 208ms @ http://localhost:3000/_next/static/chunks/node_modules_next_dist_7a8122d0._.js:2287
[ 6670442ms] [ERROR] Failed to load resource: the server responded with a status of 404 () @ https://api.lanyard.rest/v1/users/992018993730814002:0
[ 6670978ms] [LOG] [Fast Refresh] rebuilding @ http://localhost:3000/_next/static/chunks/node_modules_next_dist_7a8122d0._.js:2287
[ 6672655ms] [LOG] [Fast Refresh] done in 1801ms @ http://localhost:3000/_next/static/chunks/node_modules_next_dist_7a8122d0._.js:2287
[ 6680798ms] [LOG] [Fast Refresh] rebuilding @ http://localhost:3000/_next/static/chunks/node_modules_next_dist_7a8122d0._.js:2287
[ 6682724ms] [LOG] [Fast Refresh] done in 2038ms @ http://localhost:3000/_next/static/chunks/node_modules_next_dist_7a8122d0._.js:2287
[ 6682909ms] [LOG] [Fast Refresh] rebuilding @ http://localhost:3000/_next/static/chunks/node_modules_next_dist_7a8122d0._.js:2287
[ 6685157ms] [ERROR] Failed to load resource: the server responded with a status of 404 () @ https://api.lanyard.rest/v1/users/992018993730814002:0
[ 6687493ms] [LOG] [Fast Refresh] done in 4666ms @ http://localhost:3000/_next/static/chunks/node_modules_next_dist_7a8122d0._.js:2287
[ 6700117ms] [ERROR] Failed to load resource: the server responded with a status of 404 () @ https://api.lanyard.rest/v1/users/992018993730814002:0
[ 6715122ms] [ERROR] Failed to load resource: the server responded with a status of 404 () @ https://api.lanyard.rest/v1/users/992018993730814002:0
[ 6730132ms] [ERROR] Failed to load resource: the server responded with a status of 404 () @ https://api.lanyard.rest/v1/users/992018993730814002:0
[ 6745134ms] [ERROR] Failed to load resource: the server responded with a status of 404 () @ https://api.lanyard.rest/v1/users/992018993730814002:0
[ 6760122ms] [ERROR] Failed to load resource: the server responded with a status of 404 () @ https://api.lanyard.rest/v1/users/992018993730814002:0
[ 6760289ms] [LOG] [Fast Refresh] rebuilding @ http://localhost:3000/_next/static/chunks/node_modules_next_dist_7a8122d0._.js:2287
[ 6760308ms] [LOG] [Fast Refresh] done in 121ms @ http://localhost:3000/_next/static/chunks/node_modules_next_dist_7a8122d0._.js:2287
[ 6760636ms] [LOG] [Fast Refresh] rebuilding @ http://localhost:3000/_next/static/chunks/node_modules_next_dist_7a8122d0._.js:2287
[ 6761838ms] [LOG] [Fast Refresh] done in 1263ms @ http://localhost:3000/_next/static/chunks/node_modules_next_dist_7a8122d0._.js:2287
[ 6775259ms] [ERROR] Failed to load resource: the server responded with a status of 404 () @ https://api.lanyard.rest/v1/users/992018993730814002:0
[ 6775439ms] [LOG] [Fast Refresh] rebuilding @ http://localhost:3000/_next/static/chunks/node_modules_next_dist_7a8122d0._.js:2287
[ 6775513ms] [LOG] [Fast Refresh] done in 183ms @ http://localhost:3000/_next/static/chunks/node_modules_next_dist_7a8122d0._.js:2287
[ 6776726ms] [LOG] [Fast Refresh] rebuilding @ http://localhost:3000/_next/static/chunks/node_modules_next_dist_7a8122d0._.js:2287
[ 6778988ms] [LOG] [Fast Refresh] done in 2340ms @ http://localhost:3000/_next/static/chunks/node_modules_next_dist_7a8122d0._.js:2287
[ 6790111ms] [ERROR] Failed to load resource: the server responded with a status of 404 () @ https://api.lanyard.rest/v1/users/992018993730814002:0
[ 6790271ms] [LOG] [Fast Refresh] rebuilding @ http://localhost:3000/_next/static/chunks/node_modules_next_dist_7a8122d0._.js:2287
[ 6790282ms] [LOG] [Fast Refresh] done in 117ms @ http://localhost:3000/_next/static/chunks/node_modules_next_dist_7a8122d0._.js:2287
[ 6794852ms] [LOG] [Fast Refresh] rebuilding @ http://localhost:3000/_next/static/chunks/node_modules_next_dist_7a8122d0._.js:2287
[ 6797681ms] [LOG] [Fast Refresh] done in 2650ms @ http://localhost:3000/_next/static/chunks/node_modules_next_dist_7a8122d0._.js:2287
[ 6805111ms] [ERROR] Failed to load resource: the server responded with a status of 404 () @ https://api.lanyard.rest/v1/users/992018993730814002:0
[ 6807781ms] [LOG] [Fast Refresh] rebuilding @ http://localhost:3000/_next/static/chunks/node_modules_next_dist_7a8122d0._.js:2287
[ 6810747ms] [LOG] [Fast Refresh] done in 2816ms @ http://localhost:3000/_next/static/chunks/node_modules_next_dist_7a8122d0._.js:2287
[ 6820112ms] [ERROR] Failed to load resource: the server responded with a status of 404 () @ https://api.lanyard.rest/v1/users/992018993730814002:0
[ 6824945ms] [LOG] [Fast Refresh] rebuilding @ http://localhost:3000/_next/static/chunks/node_modules_next_dist_7a8122d0._.js:2287
[ 6826041ms] [LOG] [Fast Refresh] done in 1160ms @ http://localhost:3000/_next/static/chunks/node_modules_next_dist_7a8122d0._.js:2287
[ 6835146ms] [ERROR] Failed to load resource: the server responded with a status of 404 () @ https://api.lanyard.rest/v1/users/992018993730814002:0
[ 6835406ms] [LOG] [Fast Refresh] rebuilding @ http://localhost:3000/_next/static/chunks/node_modules_next_dist_7a8122d0._.js:2287
[ 6835437ms] [LOG] [Fast Refresh] done in 142ms @ http://localhost:3000/_next/static/chunks/node_modules_next_dist_7a8122d0._.js:2287
[ 6835842ms] [LOG] [Fast Refresh] rebuilding @ http://localhost:3000/_next/static/chunks/node_modules_next_dist_7a8122d0._.js:2287
[ 6836805ms] [LOG] [Fast Refresh] done in 1044ms @ http://localhost:3000/_next/static/chunks/node_modules_next_dist_7a8122d0._.js:2287
[ 6839241ms] [LOG] [Fast Refresh] rebuilding @ http://localhost:3000/_next/static/chunks/node_modules_next_dist_7a8122d0._.js:2287
[ 6840871ms] [LOG] [Fast Refresh] done in 1734ms @ http://localhost:3000/_next/static/chunks/node_modules_next_dist_7a8122d0._.js:2287
[ 6841155ms] [LOG] [Fast Refresh] rebuilding @ http://localhost:3000/_next/static/chunks/node_modules_next_dist_7a8122d0._.js:2287
[ 6843353ms] [LOG] [Fast Refresh] done in 2264ms @ http://localhost:3000/_next/static/chunks/node_modules_next_dist_7a8122d0._.js:2287
[ 6846628ms] [LOG] [Fast Refresh] rebuilding @ http://localhost:3000/_next/static/chunks/node_modules_next_dist_7a8122d0._.js:2287
[ 6848780ms] [LOG] [Fast Refresh] done in 2267ms @ http://localhost:3000/_next/static/chunks/node_modules_next_dist_7a8122d0._.js:2287
[ 6850127ms] [ERROR] Failed to load resource: the server responded with a status of 404 () @ https://api.lanyard.rest/v1/users/992018993730814002:0
[ 6864564ms] [LOG] [Fast Refresh] rebuilding @ http://localhost:3000/_next/static/chunks/node_modules_next_dist_7a8122d0._.js:2287
[ 6865183ms] [ERROR] Failed to load resource: the server responded with a status of 404 () @ https://api.lanyard.rest/v1/users/992018993730814002:0
[ 6870388ms] [LOG] [Fast Refresh] done in 5933ms @ http://localhost:3000/_next/static/chunks/node_modules_next_dist_7a8122d0._.js:2287
